<testng-results>
  <reporter-output>
  </reporter-output>
  <suite name="com.pillartech.raffle.domain [1.0-SNAPSHOT]">
    <groups>
    </groups>
    <test name="com.pillartech.raffle.domain.RaffleTest">
      <class name="com.pillartech.raffle.domain.RaffleTest">
        <test-method status="FAIL" signature="setup_entries_and_raffle()" name="setup_entries_and_raffle" is-config="true" duration-ms="0" started-at="2009-12-28T11:23:00Z" finished-at="2009-12-28T11:23:00Z">
          <exception class="java.lang.StackOverflowError">
            <full-stacktrace>
              <![CDATA[java.lang.StackOverflowError
	at java.util.HashMap$KeyIterator.<init>(HashMap.java:826)
	at java.util.HashMap.newKeyIterator(HashMap.java:840)
	at java.util.HashMap$KeySet.iterator(HashMap.java:874)
	at java.util.HashSet.iterator(HashSet.java:153)
	at java.util.AbstractSet.hashCode(AbstractSet.java:105)
	at org.apache.commons.lang.builder.HashCodeBuilder.append(HashCodeBuilder.java:881)
	at com.pillartech.raffle.domain.Raffle.hashCode(Raffle.java:76)
	at org.apache.commons.lang.builder.HashCodeBuilder.append(HashCodeBuilder.java:881)
	at com.pillartech.raffle.domain.Entry.hashCode(Entry.java:33)
	at java.util.AbstractSet.hashCode(AbstractSet.java:109)
	at org.apache.commons.lang.builder.HashCodeBuilder.append(HashCodeBuilder.java:881)
	at com.pillartech.raffle.domain.Raffle.hashCode(Raffle.java:76)
	at org.apache.commons.lang.builder.HashCodeBuilder.append(HashCodeBuilder.java:881)
	at com.pillartech.raffle.domain.Entry.hashCode(Entry.java:33)
	at java.util.AbstractSet.hashCode(AbstractSet.java:109)
	at org.apache.commons.lang.builder.HashCodeBuilder.append(HashCodeBuilder.java:881)
	at com.pillartech.raffle.domain.Raffle.hashCode(Raffle.java:76)
	at org.apache.commons.lang.builder.HashCodeBuilder.append(HashCodeBuilder.java:881)
	at com.pillartech.raffle.domain.Entry.hashCode(Entry.java:33)
	at java.util.AbstractSet.hashCode(AbstractSet.java:109)
	at org.apache.commons.lang.builder.HashCodeBuilder.append(HashCodeBuilder.java:881)
	at com.pillartech.raffle.domain.Raffle.hashCode(Raffle.java:76)
	at org.apache.commons.lang.builder.HashCodeBuilder.append(HashCodeBuilder.java:881)
	at com.pillartech.raffle.domain.Entry.hashCode(Entry.java:33)
	at java.util.AbstractSet.hashCode(AbstractSet.java:109)
	at org.apache.commons.lang.builder.HashCodeBuilder.append(HashCodeBuilder.java:881)
	at com.pillartech.raffle.domain.Raffle.hashCode(Raffle.java:76)
	at org.apache.commons.lang.builder.HashCodeBuilder.append(HashCodeBuilder.java:881)
	at com.pillartech.raffle.domain.Entry.hashCode(Entry.java:33)
	at java.util.AbstractSet.hashCode(AbstractSet.java:109)
	at org.apache.commons.lang.builder.HashCodeBuilder.append(HashCodeBuilder.java:881)
	at com.pillartech.raffle.domain.Raffle.hashCode(Raffle.java:76)
	at org.apache.commons.lang.builder.HashCodeBuilder.append(HashCodeBuilder.java:881)
	at com.pillartech.raffle.domain.Entry.hashCode(Entry.java:33)
	at java.util.AbstractSet.hashCode(AbstractSet.java:109)
	at org.apache.commons.lang.builder.HashCodeBuilder.append(HashCodeBuilder.java:881)
	at com.pillartech.raffle.domain.Raffle.hashCode(Raffle.java:76)
	at org.apache.commons.lang.builder.HashCodeBuilder.append(HashCodeBuilder.java:881)
	at com.pillartech.raffle.domain.Entry.hashCode(Entry.java:33)
	at java.util.AbstractSet.hashCode(AbstractSet.java:109)
	at org.apache.commons.lang.builder.HashCodeBuilder.append(HashCodeBuilder.java:881)
	at com.pillartech.raffle.domain.Raffle.hashCode(Raffle.java:76)
	at org.apache.commons.lang.builder.HashCodeBuilder.append(HashCodeBuilder.java:881)
	at com.pillartech.raffle.domain.Entry.hashCode(Entry.java:33)
	at java.util.AbstractSet.hashCode(AbstractSet.java:109)
	at org.apache.commons.lang.builder.HashCodeBuilder.append(HashCodeBuilder.java:881)
	at com.pillartech.raffle.domain.Raffle.hashCode(Raffle.java:76)
	at org.apache.commons.lang.builder.HashCodeBuilder.append(HashCodeBuilder.java:881)
	at com.pillartech.raffle.domain.Entry.hashCode(Entry.java:33)
	at java.util.AbstractSet.hashCode(AbstractSet.java:109)
	at org.apache.commons.lang.builder.HashCodeBuilder.append(HashCodeBuilder.java:881)
	at com.pillartech.raffle.domain.Raffle.hashCode(Raffle.java:76)
	at org.apache.commons.lang.builder.HashCodeBuilder.append(HashCodeBuilder.java:881)
	at com.pillartech.raffle.domain.Entry.hashCode(Entry.java:33)
	at java.util.AbstractSet.hashCode(AbstractSet.java:109)
	at org.apache.commons.lang.builder.HashCodeBuilder.append(HashCodeBuilder.java:881)
	at com.pillartech.raffle.domain.Raffle.hashCode(Raffle.java:76)
	at org.apache.commons.lang.builder.HashCodeBuilder.append(HashCodeBuilder.java:881)
	at com.pillartech.raffle.domain.Entry.hashCode(Entry.java:33)
	at java.util.AbstractSet.hashCode(AbstractSet.java:109)
	at org.apache.commons.lang.builder.HashCodeBuilder.append(HashCodeBuilder.java:881)
	at com.pillartech.raffle.domain.Raffle.hashCode(Raffle.java:76)
	at org.apache.commons.lang.builder.HashCodeBuilder.append(HashCodeBuilder.java:881)
	at com.pillartech.raffle.domain.Entry.hashCode(Entry.java:33)
	at java.util.AbstractSet.hashCode(AbstractSet.java:109)
	at org.apache.commons.lang.builder.HashCodeBuilder.append(HashCodeBuilder.java:881)
	at com.pillartech.raffle.domain.Raffle.hashCode(Raffle.java:76)
	at org.apache.commons.lang.builder.HashCodeBuilder.append(HashCodeBuilder.java:881)
	at com.pillartech.raffle.domain.Entry.hashCode(Entry.java:33)
	at java.util.AbstractSet.hashCode(AbstractSet.java:109)
	at org.apache.commons.lang.builder.HashCodeBuilder.append(HashCodeBuilder.java:881)
	at com.pillartech.raffle.domain.Raffle.hashCode(Raffle.java:76)
	at org.apache.commons.lang.builder.HashCodeBuilder.append(HashCodeBuilder.java:881)
	at com.pillartech.raffle.domain.Entry.hashCode(Entry.java:33)
	at java.util.AbstractSet.hashCode(AbstractSet.java:109)
	at org.apache.commons.lang.builder.HashCodeBuilder.append(HashCodeBuilder.java:881)
	at com.pillartech.raffle.domain.Raffle.hashCode(Raffle.java:76)
	at org.apache.commons.lang.builder.HashCodeBuilder.append(HashCodeBuilder.java:881)
	at com.pillartech.raffle.domain.Entry.hashCode(Entry.java:33)
	at java.util.AbstractSet.hashCode(AbstractSet.java:109)
	at org.apache.commons.lang.builder.HashCodeBuilder.append(HashCodeBuilder.java:881)
	at com.pillartech.raffle.domain.Raffle.hashCode(Raffle.java:76)
	at org.apache.commons.lang.builder.HashCodeBuilder.append(HashCodeBuilder.java:881)
	at com.pillartech.raffle.domain.Entry.hashCode(Entry.java:33)
	at java.util.AbstractSet.hashCode(AbstractSet.java:109)
	at org.apache.commons.lang.builder.HashCodeBuilder.append(HashCodeBuilder.java:881)
	at com.pillartech.raffle.domain.Raffle.hashCode(Raffle.java:76)
	at org.apache.commons.lang.builder.HashCodeBuilder.append(HashCodeBuilder.java:881)
	at com.pillartech.raffle.domain.Entry.hashCode(Entry.java:33)
	at java.util.AbstractSet.hashCode(AbstractSet.java:109)
	at org.apache.commons.lang.builder.HashCodeBuilder.append(HashCodeBuilder.java:881)
	at com.pillartech.raffle.domain.Raffle.hashCode(Raffle.java:76)
	at org.apache.commons.lang.builder.HashCodeBuilder.append(HashCodeBuilder.java:881)
	at com.pillartech.raffle.domain.Entry.hashCode(Entry.java:33)
	at java.util.AbstractSet.hashCode(AbstractSet.java:109)
	at org.apache.commons.lang.builder.HashCodeBuilder.append(HashCodeBuilder.java:881)
	at com.pillartech.raffle.domain.Raffle.hashCode(Raffle.java:76)
	at org.apache.commons.lang.builder.HashCodeBuilder.append(HashCodeBuilder.java:881)
	at com.pillartech.raffle.domain.Entry.hashCode(Entry.java:33)
	at java.util.AbstractSet.hashCode(AbstractSet.java:109)
	at org.apache.commons.lang.builder.HashCodeBuilder.append(HashCodeBuilder.java:881)
	at com.pillartech.raffle.domain.Raffle.hashCode(Raffle.java:76)
	at org.apache.commons.lang.builder.HashCodeBuilder.append(HashCodeBuilder.java:881)
	at com.pillartech.raffle.domain.Entry.hashCode(Entry.java:33)
	at java.util.AbstractSet.hashCode(AbstractSet.java:109)
	at org.apache.commons.lang.builder.HashCodeBuilder.append(HashCodeBuilder.java:881)
	at com.pillartech.raffle.domain.Raffle.hashCode(Raffle.java:76)
	at org.apache.commons.lang.builder.HashCodeBuilder.append(HashCodeBuilder.java:881)
	at com.pillartech.raffle.domain.Entry.hashCode(Entry.java:33)
	at java.util.AbstractSet.hashCode(AbstractSet.java:109)
	at org.apache.commons.lang.builder.HashCodeBuilder.append(HashCodeBuilder.java:881)
	at com.pillartech.raffle.domain.Raffle.hashCode(Raffle.java:76)
	at org.apache.commons.lang.builder.HashCodeBuilder.append(HashCodeBuilder.java:881)
	at com.pillartech.raffle.domain.Entry.hashCode(Entry.java:33)
	at java.util.AbstractSet.hashCode(AbstractSet.java:109)
	at org.apache.commons.lang.builder.HashCodeBuilder.append(HashCodeBuilder.java:881)
	at com.pillartech.raffle.domain.Raffle.hashCode(Raffle.java:76)
	at org.apache.commons.lang.builder.HashCodeBuilder.append(HashCodeBuilder.java:881)
	at com.pillartech.raffle.domain.Entry.hashCode(Entry.java:33)
	at java.util.AbstractSet.hashCode(AbstractSet.java:109)
	at org.apache.commons.lang.builder.HashCodeBuilder.append(HashCodeBuilder.java:881)
	at com.pillartech.raffle.domain.Raffle.hashCode(Raffle.java:76)
	at org.apache.commons.lang.builder.HashCodeBuilder.append(HashCodeBuilder.java:881)
	at com.pillartech.raffle.domain.Entry.hashCode(Entry.java:33)
	at java.util.AbstractSet.hashCode(AbstractSet.java:109)
	at org.apache.commons.lang.builder.HashCodeBuilder.append(HashCodeBuilder.java:881)
	at com.pillartech.raffle.domain.Raffle.hashCode(Raffle.java:76)
	at org.apache.commons.lang.builder.HashCodeBuilder.append(HashCodeBuilder.java:881)
	at com.pillartech.raffle.domain.Entry.hashCode(Entry.java:33)
	at java.util.AbstractSet.hashCode(AbstractSet.java:109)
	at org.apache.commons.lang.builder.HashCodeBuilder.append(HashCodeBuilder.java:881)
	at com.pillartech.raffle.domain.Raffle.hashCode(Raffle.java:76)
	at org.apache.commons.lang.builder.HashCodeBuilder.append(HashCodeBuilder.java:881)
	at com.pillartech.raffle.domain.Entry.hashCode(Entry.java:33)
	at java.util.AbstractSet.hashCode(AbstractSet.java:109)
	at org.apache.commons.lang.builder.HashCodeBuilder.append(HashCodeBuilder.java:881)
	at com.pillartech.raffle.domain.Raffle.hashCode(Raffle.java:76)
	at org.apache.commons.lang.builder.HashCodeBuilder.append(HashCodeBuilder.java:881)
	at com.pillartech.raffle.domain.Entry.hashCode(Entry.java:33)
	at java.util.AbstractSet.hashCode(AbstractSet.java:109)
	at org.apache.commons.lang.builder.HashCodeBuilder.append(HashCodeBuilder.java:881)
	at com.pillartech.raffle.domain.Raffle.hashCode(Raffle.java:76)
	at org.apache.commons.lang.builder.HashCodeBuilder.append(HashCodeBuilder.java:881)
	at com.pillartech.raffle.domain.Entry.hashCode(Entry.java:33)
	at java.util.AbstractSet.hashCode(AbstractSet.java:109)
	at org.apache.commons.lang.builder.HashCodeBuilder.append(HashCodeBuilder.java:881)
	at com.pillartech.raffle.domain.Raffle.hashCode(Raffle.java:76)
	at org.apache.commons.lang.builder.HashCodeBuilder.append(HashCodeBuilder.java:881)
	at com.pillartech.raffle.domain.Entry.hashCode(Entry.java:33)
	at java.util.AbstractSet.hashCode(AbstractSet.java:109)
	at org.apache.commons.lang.builder.HashCodeBuilder.append(HashCodeBuilder.java:881)
	at com.pillartech.raffle.domain.Raffle.hashCode(Raffle.java:76)
	at org.apache.commons.lang.builder.HashCodeBuilder.append(HashCodeBuilder.java:881)
	at com.pillartech.raffle.domain.Entry.hashCode(Entry.java:33)
	at java.util.AbstractSet.hashCode(AbstractSet.java:109)
	at org.apache.commons.lang.builder.HashCodeBuilder.append(HashCodeBuilder.java:881)
	at com.pillartech.raffle.domain.Raffle.hashCode(Raffle.java:76)
	at org.apache.commons.lang.builder.HashCodeBuilder.append(HashCodeBuilder.java:881)
	at com.pillartech.raffle.domain.Entry.hashCode(Entry.java:33)
	at java.util.AbstractSet.hashCode(AbstractSet.java:109)
	at org.apache.commons.lang.builder.HashCodeBuilder.append(HashCodeBuilder.java:881)
	at com.pillartech.raffle.domain.Raffle.hashCode(Raffle.java:76)
	at org.apache.commons.lang.builder.HashCodeBuilder.append(HashCodeBuilder.java:881)
	at com.pillartech.raffle.domain.Entry.hashCode(Entry.java:33)
	at java.util.AbstractSet.hashCode(AbstractSet.java:109)
	at org.apache.commons.lang.builder.HashCodeBuilder.append(HashCodeBuilder.java:881)
	at com.pillartech.raffle.domain.Raffle.hashCode(Raffle.java:76)
	at org.apache.commons.lang.builder.HashCodeBuilder.append(HashCodeBuilder.java:881)
	at com.pillartech.raffle.domain.Entry.hashCode(Entry.java:33)
	at java.util.AbstractSet.hashCode(AbstractSet.java:109)
	at org.apache.commons.lang.builder.HashCodeBuilder.append(HashCodeBuilder.java:881)
	at com.pillartech.raffle.domain.Raffle.hashCode(Raffle.java:76)
	at org.apache.commons.lang.builder.HashCodeBuilder.append(HashCodeBuilder.java:881)
	at com.pillartech.raffle.domain.Entry.hashCode(Entry.java:33)
	at java.util.AbstractSet.hashCode(AbstractSet.java:109)
	at org.apache.commons.lang.builder.HashCodeBuilder.append(HashCodeBuilder.java:881)
	at com.pillartech.raffle.domain.Raffle.hashCode(Raffle.java:76)
	at org.apache.commons.lang.builder.HashCodeBuilder.append(HashCodeBuilder.java:881)
	at com.pillartech.raffle.domain.Entry.hashCode(Entry.java:33)
	at java.util.AbstractSet.hashCode(AbstractSet.java:109)
	at org.apache.commons.lang.builder.HashCodeBuilder.append(HashCodeBuilder.java:881)
	at com.pillartech.raffle.domain.Raffle.hashCode(Raffle.java:76)
	at org.apache.commons.lang.builder.HashCodeBuilder.append(HashCodeBuilder.java:881)
	at com.pillartech.raffle.domain.Entry.hashCode(Entry.java:33)
	at java.util.AbstractSet.hashCode(AbstractSet.java:109)
	at org.apache.commons.lang.builder.HashCodeBuilder.append(HashCodeBuilder.java:881)
	at com.pillartech.raffle.domain.Raffle.hashCode(Raffle.java:76)
	at org.apache.commons.lang.builder.HashCodeBuilder.append(HashCodeBuilder.java:881)
	at com.pillartech.raffle.domain.Entry.hashCode(Entry.java:33)
	at java.util.AbstractSet.hashCode(AbstractSet.java:109)
	at org.apache.commons.lang.builder.HashCodeBuilder.append(HashCodeBuilder.java:881)
	at com.pillartech.raffle.domain.Raffle.hashCode(Raffle.java:76)
	at org.apache.commons.lang.builder.HashCodeBuilder.append(HashCodeBuilder.java:881)
	at com.pillartech.raffle.domain.Entry.hashCode(Entry.java:33)
	at java.util.AbstractSet.hashCode(AbstractSet.java:109)
	at org.apache.commons.lang.builder.HashCodeBuilder.append(HashCodeBuilder.java:881)
	at com.pillartech.raffle.domain.Raffle.hashCode(Raffle.java:76)
	at org.apache.commons.lang.builder.HashCodeBuilder.append(HashCodeBuilder.java:881)
	at com.pillartech.raffle.domain.Entry.hashCode(Entry.java:33)
	at java.util.AbstractSet.hashCode(AbstractSet.java:109)
	at org.apache.commons.lang.builder.HashCodeBuilder.append(HashCodeBuilder.java:881)
	at com.pillartech.raffle.domain.Raffle.hashCode(Raffle.java:76)
	at org.apache.commons.lang.builder.HashCodeBuilder.append(HashCodeBuilder.java:881)
	at com.pillartech.raffle.domain.Entry.hashCode(Entry.java:33)
	at java.util.AbstractSet.hashCode(AbstractSet.java:109)
	at org.apache.commons.lang.builder.HashCodeBuilder.append(HashCodeBuilder.java:881)
	at com.pillartech.raffle.domain.Raffle.hashCode(Raffle.java:76)
	at org.apache.commons.lang.builder.HashCodeBuilder.append(HashCodeBuilder.java:881)
	at com.pillartech.raffle.domain.Entry.hashCode(Entry.java:33)
	at java.util.AbstractSet.hashCode(AbstractSet.java:109)
	at org.apache.commons.lang.builder.HashCodeBuilder.append(HashCodeBuilder.java:881)
	at com.pillartech.raffle.domain.Raffle.hashCode(Raffle.java:76)
	at org.apache.commons.lang.builder.HashCodeBuilder.append(HashCodeBuilder.java:881)
	at com.pillartech.raffle.domain.Entry.hashCode(Entry.java:33)
	at java.util.AbstractSet.hashCode(AbstractSet.java:109)
	at org.apache.commons.lang.builder.HashCodeBuilder.append(HashCodeBuilder.java:881)
	at com.pillartech.raffle.domain.Raffle.hashCode(Raffle.java:76)
	at org.apache.commons.lang.builder.HashCodeBuilder.append(HashCodeBuilder.java:881)
	at com.pillartech.raffle.domain.Entry.hashCode(Entry.java:33)
	at java.util.AbstractSet.hashCode(AbstractSet.java:109)
	at org.apache.commons.lang.builder.HashCodeBuilder.append(HashCodeBuilder.java:881)
	at com.pillartech.raffle.domain.Raffle.hashCode(Raffle.java:76)
	at org.apache.commons.lang.builder.HashCodeBuilder.append(HashCodeBuilder.java:881)
	at com.pillartech.raffle.domain.Entry.hashCode(Entry.java:33)
	at java.util.AbstractSet.hashCode(AbstractSet.java:109)
	at org.apache.commons.lang.builder.HashCodeBuilder.append(HashCodeBuilder.java:881)
	at com.pillartech.raffle.domain.Raffle.hashCode(Raffle.java:76)
	at org.apache.commons.lang.builder.HashCodeBuilder.append(HashCodeBuilder.java:881)
	at com.pillartech.raffle.domain.Entry.hashCode(Entry.java:33)
	at java.util.AbstractSet.hashCode(AbstractSet.java:109)
	at org.apache.commons.lang.builder.HashCodeBuilder.append(HashCodeBuilder.java:881)
	at com.pillartech.raffle.domain.Raffle.hashCode(Raffle.java:76)
	at org.apache.commons.lang.builder.HashCodeBuilder.append(HashCodeBuilder.java:881)
	at com.pillartech.raffle.domain.Entry.hashCode(Entry.java:33)
	at java.util.AbstractSet.hashCode(AbstractSet.java:109)
	at org.apache.commons.lang.builder.HashCodeBuilder.append(HashCodeBuilder.java:881)
	at com.pillartech.raffle.domain.Raffle.hashCode(Raffle.java:76)
	at org.apache.commons.lang.builder.HashCodeBuilder.append(HashCodeBuilder.java:881)
	at com.pillartech.raffle.domain.Entry.hashCode(Entry.java:33)
	at java.util.AbstractSet.hashCode(AbstractSet.java:109)
	at org.apache.commons.lang.builder.HashCodeBuilder.append(HashCodeBuilder.java:881)
	at com.pillartech.raffle.domain.Raffle.hashCode(Raffle.java:76)
	at org.apache.commons.lang.builder.HashCodeBuilder.append(HashCodeBuilder.java:881)
	at com.pillartech.raffle.domain.Entry.hashCode(Entry.java:33)
	at java.util.AbstractSet.hashCode(AbstractSet.java:109)
	at org.apache.commons.lang.builder.HashCodeBuilder.append(HashCodeBuilder.java:881)
	at com.pillartech.raffle.domain.Raffle.hashCode(Raffle.java:76)
	at org.apache.commons.lang.builder.HashCodeBuilder.append(HashCodeBuilder.java:881)
	at com.pillartech.raffle.domain.Entry.hashCode(Entry.java:33)
	at java.util.AbstractSet.hashCode(AbstractSet.java:109)
	at org.apache.commons.lang.builder.HashCodeBuilder.append(HashCodeBuilder.java:881)
	at com.pillartech.raffle.domain.Raffle.hashCode(Raffle.java:76)
	at org.apache.commons.lang.builder.HashCodeBuilder.append(HashCodeBuilder.java:881)
	at com.pillartech.raffle.domain.Entry.hashCode(Entry.java:33)
	at java.util.AbstractSet.hashCode(AbstractSet.java:109)
	at org.apache.commons.lang.builder.HashCodeBuilder.append(HashCodeBuilder.java:881)
	at com.pillartech.raffle.domain.Raffle.hashCode(Raffle.java:76)
	at org.apache.commons.lang.builder.HashCodeBuilder.append(HashCodeBuilder.java:881)
	at com.pillartech.raffle.domain.Entry.hashCode(Entry.java:33)
	at java.util.AbstractSet.hashCode(AbstractSet.java:109)
	at org.apache.commons.lang.builder.HashCodeBuilder.append(HashCodeBuilder.java:881)
	at com.pillartech.raffle.domain.Raffle.hashCode(Raffle.java:76)
	at org.apache.commons.lang.builder.HashCodeBuilder.append(HashCodeBuilder.java:881)
	at com.pillartech.raffle.domain.Entry.hashCode(Entry.java:33)
	at java.util.AbstractSet.hashCode(AbstractSet.java:109)
	at org.apache.commons.lang.builder.HashCodeBuilder.append(HashCodeBuilder.java:881)
	at com.pillartech.raffle.domain.Raffle.hashCode(Raffle.java:76)
	at org.apache.commons.lang.builder.HashCodeBuilder.append(HashCodeBuilder.java:881)
	at com.pillartech.raffle.domain.Entry.hashCode(Entry.java:33)
	at java.util.AbstractSet.hashCode(AbstractSet.java:109)
	at org.apache.commons.lang.builder.HashCodeBuilder.append(HashCodeBuilder.java:881)
	at com.pillartech.raffle.domain.Raffle.hashCode(Raffle.java:76)
	at org.apache.commons.lang.builder.HashCodeBuilder.append(HashCodeBuilder.java:881)
	at com.pillartech.raffle.domain.Entry.hashCode(Entry.java:33)
	at java.util.AbstractSet.hashCode(AbstractSet.java:109)
	at org.apache.commons.lang.builder.HashCodeBuilder.append(HashCodeBuilder.java:881)
	at com.pillartech.raffle.domain.Raffle.hashCode(Raffle.java:76)
	at org.apache.commons.lang.builder.HashCodeBuilder.append(HashCodeBuilder.java:881)
	at com.pillartech.raffle.domain.Entry.hashCode(Entry.java:33)
	at java.util.AbstractSet.hashCode(AbstractSet.java:109)
	at org.apache.commons.lang.builder.HashCodeBuilder.append(HashCodeBuilder.java:881)
	at com.pillartech.raffle.domain.Raffle.hashCode(Raffle.java:76)
	at org.apache.commons.lang.builder.HashCodeBuilder.append(HashCodeBuilder.java:881)
	at com.pillartech.raffle.domain.Entry.hashCode(Entry.java:33)
	at java.util.AbstractSet.hashCode(AbstractSet.java:109)
	at org.apache.commons.lang.builder.HashCodeBuilder.append(HashCodeBuilder.java:881)
	at com.pillartech.raffle.domain.Raffle.hashCode(Raffle.java:76)
	at org.apache.commons.lang.builder.HashCodeBuilder.append(HashCodeBuilder.java:881)
	at com.pillartech.raffle.domain.Entry.hashCode(Entry.java:33)
	at java.util.AbstractSet.hashCode(AbstractSet.java:109)
	at org.apache.commons.lang.builder.HashCodeBuilder.append(HashCodeBuilder.java:881)
	at com.pillartech.raffle.domain.Raffle.hashCode(Raffle.java:76)
	at org.apache.commons.lang.builder.HashCodeBuilder.append(HashCodeBuilder.java:881)
	at com.pillartech.raffle.domain.Entry.hashCode(Entry.java:33)
	at java.util.AbstractSet.hashCode(AbstractSet.java:109)
	at org.apache.commons.lang.builder.HashCodeBuilder.append(HashCodeBuilder.java:881)
	at com.pillartech.raffle.domain.Raffle.hashCode(Raffle.java:76)
	at org.apache.commons.lang.builder.HashCodeBuilder.append(HashCodeBuilder.java:881)
	at com.pillartech.raffle.domain.Entry.hashCode(Entry.java:33)
	at java.util.AbstractSet.hashCode(AbstractSet.java:109)
	at org.apache.commons.lang.builder.HashCodeBuilder.append(HashCodeBuilder.java:881)
	at com.pillartech.raffle.domain.Raffle.hashCode(Raffle.java:76)
	at org.apache.commons.lang.builder.HashCodeBuilder.append(HashCodeBuilder.java:881)
	at com.pillartech.raffle.domain.Entry.hashCode(Entry.java:33)
	at java.util.AbstractSet.hashCode(AbstractSet.java:109)
	at org.apache.commons.lang.builder.HashCodeBuilder.append(HashCodeBuilder.java:881)
	at com.pillartech.raffle.domain.Raffle.hashCode(Raffle.java:76)
	at org.apache.commons.lang.builder.HashCodeBuilder.append(HashCodeBuilder.java:881)
	at com.pillartech.raffle.domain.Entry.hashCode(Entry.java:33)
	at java.util.AbstractSet.hashCode(AbstractSet.java:109)
	at org.apache.commons.lang.builder.HashCodeBuilder.append(HashCodeBuilder.java:881)
	at com.pillartech.raffle.domain.Raffle.hashCode(Raffle.java:76)
	at org.apache.commons.lang.builder.HashCodeBuilder.append(HashCodeBuilder.java:881)
	at com.pillartech.raffle.domain.Entry.hashCode(Entry.java:33)
	at java.util.AbstractSet.hashCode(AbstractSet.java:109)
	at org.apache.commons.lang.builder.HashCodeBuilder.append(HashCodeBuilder.java:881)
	at com.pillartech.raffle.domain.Raffle.hashCode(Raffle.java:76)
	at org.apache.commons.lang.builder.HashCodeBuilder.append(HashCodeBuilder.java:881)
	at com.pillartech.raffle.domain.Entry.hashCode(Entry.java:33)
	at java.util.AbstractSet.hashCode(AbstractSet.java:109)
	at org.apache.commons.lang.builder.HashCodeBuilder.append(HashCodeBuilder.java:881)
	at com.pillartech.raffle.domain.Raffle.hashCode(Raffle.java:76)
	at org.apache.commons.lang.builder.HashCodeBuilder.append(HashCodeBuilder.java:881)
	at com.pillartech.raffle.domain.Entry.hashCode(Entry.java:33)
	at java.util.AbstractSet.hashCode(AbstractSet.java:109)
	at org.apache.commons.lang.builder.HashCodeBuilder.append(HashCodeBuilder.java:881)
	at com.pillartech.raffle.domain.Raffle.hashCode(Raffle.java:76)
	at org.apache.commons.lang.builder.HashCodeBuilder.append(HashCodeBuilder.java:881)
	at com.pillartech.raffle.domain.Entry.hashCode(Entry.java:33)
	at java.util.AbstractSet.hashCode(AbstractSet.java:109)
	at org.apache.commons.lang.builder.HashCodeBuilder.append(HashCodeBuilder.java:881)
	at com.pillartech.raffle.domain.Raffle.hashCode(Raffle.java:76)
	at org.apache.commons.lang.builder.HashCodeBuilder.append(HashCodeBuilder.java:881)
	at com.pillartech.raffle.domain.Entry.hashCode(Entry.java:33)
	at java.util.AbstractSet.hashCode(AbstractSet.java:109)
	at org.apache.commons.lang.builder.HashCodeBuilder.append(HashCodeBuilder.java:881)
	at com.pillartech.raffle.domain.Raffle.hashCode(Raffle.java:76)
	at org.apache.commons.lang.builder.HashCodeBuilder.append(HashCodeBuilder.java:881)
	at com.pillartech.raffle.domain.Entry.hashCode(Entry.java:33)
	at java.util.AbstractSet.hashCode(AbstractSet.java:109)
	at org.apache.commons.lang.builder.HashCodeBuilder.append(HashCodeBuilder.java:881)
	at com.pillartech.raffle.domain.Raffle.hashCode(Raffle.java:76)
	at org.apache.commons.lang.builder.HashCodeBuilder.append(HashCodeBuilder.java:881)
	at com.pillartech.raffle.domain.Entry.hashCode(Entry.java:33)
	at java.util.AbstractSet.hashCode(AbstractSet.java:109)
	at org.apache.commons.lang.builder.HashCodeBuilder.append(HashCodeBuilder.java:881)
	at com.pillartech.raffle.domain.Raffle.hashCode(Raffle.java:76)
	at org.apache.commons.lang.builder.HashCodeBuilder.append(HashCodeBuilder.java:881)
	at com.pillartech.raffle.domain.Entry.hashCode(Entry.java:33)
	at java.util.AbstractSet.hashCode(AbstractSet.java:109)
	at org.apache.commons.lang.builder.HashCodeBuilder.append(HashCodeBuilder.java:881)
	at com.pillartech.raffle.domain.Raffle.hashCode(Raffle.java:76)
	at org.apache.commons.lang.builder.HashCodeBuilder.append(HashCodeBuilder.java:881)
	at com.pillartech.raffle.domain.Entry.hashCode(Entry.java:33)
	at java.util.AbstractSet.hashCode(AbstractSet.java:109)
	at org.apache.commons.lang.builder.HashCodeBuilder.append(HashCodeBuilder.java:881)
	at com.pillartech.raffle.domain.Raffle.hashCode(Raffle.java:76)
	at org.apache.commons.lang.builder.HashCodeBuilder.append(HashCodeBuilder.java:881)
	at com.pillartech.raffle.domain.Entry.hashCode(Entry.java:33)
	at java.util.AbstractSet.hashCode(AbstractSet.java:109)
	at org.apache.commons.lang.builder.HashCodeBuilder.append(HashCodeBuilder.java:881)
	at com.pillartech.raffle.domain.Raffle.hashCode(Raffle.java:76)
	at org.apache.commons.lang.builder.HashCodeBuilder.append(HashCodeBuilder.java:881)
	at com.pillartech.raffle.domain.Entry.hashCode(Entry.java:33)
	at java.util.AbstractSet.hashCode(AbstractSet.java:109)
	at org.apache.commons.lang.builder.HashCodeBuilder.append(HashCodeBuilder.java:881)
	at com.pillartech.raffle.domain.Raffle.hashCode(Raffle.java:76)
	at org.apache.commons.lang.builder.HashCodeBuilder.append(HashCodeBuilder.java:881)
	at com.pillartech.raffle.domain.Entry.hashCode(Entry.java:33)
	at java.util.AbstractSet.hashCode(AbstractSet.java:109)
	at org.apache.commons.lang.builder.HashCodeBuilder.append(HashCodeBuilder.java:881)
	at com.pillartech.raffle.domain.Raffle.hashCode(Raffle.java:76)
	at org.apache.commons.lang.builder.HashCodeBuilder.append(HashCodeBuilder.java:881)
	at com.pillartech.raffle.domain.Entry.hashCode(Entry.java:33)
	at java.util.AbstractSet.hashCode(AbstractSet.java:109)
	at org.apache.commons.lang.builder.HashCodeBuilder.append(HashCodeBuilder.java:881)
	at com.pillartech.raffle.domain.Raffle.hashCode(Raffle.java:76)
	at org.apache.commons.lang.builder.HashCodeBuilder.append(HashCodeBuilder.java:881)
	at com.pillartech.raffle.domain.Entry.hashCode(Entry.java:33)
	at java.util.AbstractSet.hashCode(AbstractSet.java:109)
	at org.apache.commons.lang.builder.HashCodeBuilder.append(HashCodeBuilder.java:881)
	at com.pillartech.raffle.domain.Raffle.hashCode(Raffle.java:76)
	at org.apache.commons.lang.builder.HashCodeBuilder.append(HashCodeBuilder.java:881)
	at com.pillartech.raffle.domain.Entry.hashCode(Entry.java:33)
	at java.util.AbstractSet.hashCode(AbstractSet.java:109)
	at org.apache.commons.lang.builder.HashCodeBuilder.append(HashCodeBuilder.java:881)
	at com.pillartech.raffle.domain.Raffle.hashCode(Raffle.java:76)
	at org.apache.commons.lang.builder.HashCodeBuilder.append(HashCodeBuilder.java:881)
	at com.pillartech.raffle.domain.Entry.hashCode(Entry.java:33)
	at java.util.AbstractSet.hashCode(AbstractSet.java:109)
	at org.apache.commons.lang.builder.HashCodeBuilder.append(HashCodeBuilder.java:881)
	at com.pillartech.raffle.domain.Raffle.hashCode(Raffle.java:76)
	at org.apache.commons.lang.builder.HashCodeBuilder.append(HashCodeBuilder.java:881)
	at com.pillartech.raffle.domain.Entry.hashCode(Entry.java:33)
	at java.util.AbstractSet.hashCode(AbstractSet.java:109)
	at org.apache.commons.lang.builder.HashCodeBuilder.append(HashCodeBuilder.java:881)
	at com.pillartech.raffle.domain.Raffle.hashCode(Raffle.java:76)
	at org.apache.commons.lang.builder.HashCodeBuilder.append(HashCodeBuilder.java:881)
	at com.pillartech.raffle.domain.Entry.hashCode(Entry.java:33)
	at java.util.AbstractSet.hashCode(AbstractSet.java:109)
	at org.apache.commons.lang.builder.HashCodeBuilder.append(HashCodeBuilder.java:881)
	at com.pillartech.raffle.domain.Raffle.hashCode(Raffle.java:76)
	at org.apache.commons.lang.builder.HashCodeBuilder.append(HashCodeBuilder.java:881)
	at com.pillartech.raffle.domain.Entry.hashCode(Entry.java:33)
	at java.util.AbstractSet.hashCode(AbstractSet.java:109)
	at org.apache.commons.lang.builder.HashCodeBuilder.append(HashCodeBuilder.java:881)
	at com.pillartech.raffle.domain.Raffle.hashCode(Raffle.java:76)
	at org.apache.commons.lang.builder.HashCodeBuilder.append(HashCodeBuilder.java:881)
	at com.pillartech.raffle.domain.Entry.hashCode(Entry.java:33)
	at java.util.AbstractSet.hashCode(AbstractSet.java:109)
	at org.apache.commons.lang.builder.HashCodeBuilder.append(HashCodeBuilder.java:881)
	at com.pillartech.raffle.domain.Raffle.hashCode(Raffle.java:76)
	at org.apache.commons.lang.builder.HashCodeBuilder.append(HashCodeBuilder.java:881)
	at com.pillartech.raffle.domain.Entry.hashCode(Entry.java:33)
	at java.util.AbstractSet.hashCode(AbstractSet.java:109)
	at org.apache.commons.lang.builder.HashCodeBuilder.append(HashCodeBuilder.java:881)
	at com.pillartech.raffle.domain.Raffle.hashCode(Raffle.java:76)
	at org.apache.commons.lang.builder.HashCodeBuilder.append(HashCodeBuilder.java:881)
	at com.pillartech.raffle.domain.Entry.hashCode(Entry.java:33)
	at java.util.AbstractSet.hashCode(AbstractSet.java:109)
	at org.apache.commons.lang.builder.HashCodeBuilder.append(HashCodeBuilder.java:881)
	at com.pillartech.raffle.domain.Raffle.hashCode(Raffle.java:76)
	at org.apache.commons.lang.builder.HashCodeBuilder.append(HashCodeBuilder.java:881)
	at com.pillartech.raffle.domain.Entry.hashCode(Entry.java:33)
	at java.util.AbstractSet.hashCode(AbstractSet.java:109)
	at org.apache.commons.lang.builder.HashCodeBuilder.append(HashCodeBuilder.java:881)
	at com.pillartech.raffle.domain.Raffle.hashCode(Raffle.java:76)
	at org.apache.commons.lang.builder.HashCodeBuilder.append(HashCodeBuilder.java:881)
	at com.pillartech.raffle.domain.Entry.hashCode(Entry.java:33)
	at java.util.AbstractSet.hashCode(AbstractSet.java:109)
	at org.apache.commons.lang.builder.HashCodeBuilder.append(HashCodeBuilder.java:881)
	at com.pillartech.raffle.domain.Raffle.hashCode(Raffle.java:76)
	at org.apache.commons.lang.builder.HashCodeBuilder.append(HashCodeBuilder.java:881)
	at com.pillartech.raffle.domain.Entry.hashCode(Entry.java:33)
	at java.util.AbstractSet.hashCode(AbstractSet.java:109)
	at org.apache.commons.lang.builder.HashCodeBuilder.append(HashCodeBuilder.java:881)
	at com.pillartech.raffle.domain.Raffle.hashCode(Raffle.java:76)
	at org.apache.commons.lang.builder.HashCodeBuilder.append(HashCodeBuilder.java:881)
	at com.pillartech.raffle.domain.Entry.hashCode(Entry.java:33)
	at java.util.AbstractSet.hashCode(AbstractSet.java:109)
	at org.apache.commons.lang.builder.HashCodeBuilder.append(HashCodeBuilder.java:881)
	at com.pillartech.raffle.domain.Raffle.hashCode(Raffle.java:76)
	at org.apache.commons.lang.builder.HashCodeBuilder.append(HashCodeBuilder.java:881)
	at com.pillartech.raffle.domain.Entry.hashCode(Entry.java:33)
	at java.util.AbstractSet.hashCode(AbstractSet.java:109)
	at org.apache.commons.lang.builder.HashCodeBuilder.append(HashCodeBuilder.java:881)
	at com.pillartech.raffle.domain.Raffle.hashCode(Raffle.java:76)
	at org.apache.commons.lang.builder.HashCodeBuilder.append(HashCodeBuilder.java:881)
	at com.pillartech.raffle.domain.Entry.hashCode(Entry.java:33)
	at java.util.AbstractSet.hashCode(AbstractSet.java:109)
	at org.apache.commons.lang.builder.HashCodeBuilder.append(HashCodeBuilder.java:881)
	at com.pillartech.raffle.domain.Raffle.hashCode(Raffle.java:76)
	at org.apache.commons.lang.builder.HashCodeBuilder.append(HashCodeBuilder.java:881)
	at com.pillartech.raffle.domain.Entry.hashCode(Entry.java:33)
	at java.util.AbstractSet.hashCode(AbstractSet.java:109)
	at org.apache.commons.lang.builder.HashCodeBuilder.append(HashCodeBuilder.java:881)
	at com.pillartech.raffle.domain.Raffle.hashCode(Raffle.java:76)
	at org.apache.commons.lang.builder.HashCodeBuilder.append(HashCodeBuilder.java:881)
	at com.pillartech.raffle.domain.Entry.hashCode(Entry.java:33)
	at java.util.AbstractSet.hashCode(AbstractSet.java:109)
	at org.apache.commons.lang.builder.HashCodeBuilder.append(HashCodeBuilder.java:881)
	at com.pillartech.raffle.domain.Raffle.hashCode(Raffle.java:76)
	at org.apache.commons.lang.builder.HashCodeBuilder.append(HashCodeBuilder.java:881)
	at com.pillartech.raffle.domain.Entry.hashCode(Entry.java:33)
	at java.util.AbstractSet.hashCode(AbstractSet.java:109)
	at org.apache.commons.lang.builder.HashCodeBuilder.append(HashCodeBuilder.java:881)
	at com.pillartech.raffle.domain.Raffle.hashCode(Raffle.java:76)
	at org.apache.commons.lang.builder.HashCodeBuilder.append(HashCodeBuilder.java:881)
	at com.pillartech.raffle.domain.Entry.hashCode(Entry.java:33)
	at java.util.AbstractSet.hashCode(AbstractSet.java:109)
	at org.apache.commons.lang.builder.HashCodeBuilder.append(HashCodeBuilder.java:881)
	at com.pillartech.raffle.domain.Raffle.hashCode(Raffle.java:76)
	at org.apache.commons.lang.builder.HashCodeBuilder.append(HashCodeBuilder.java:881)
	at com.pillartech.raffle.domain.Entry.hashCode(Entry.java:33)
	at java.util.AbstractSet.hashCode(AbstractSet.java:109)
	at org.apache.commons.lang.builder.HashCodeBuilder.append(HashCodeBuilder.java:881)
	at com.pillartech.raffle.domain.Raffle.hashCode(Raffle.java:76)
	at org.apache.commons.lang.builder.HashCodeBuilder.append(HashCodeBuilder.java:881)
	at com.pillartech.raffle.domain.Entry.hashCode(Entry.java:33)
	at java.util.AbstractSet.hashCode(AbstractSet.java:109)
	at org.apache.commons.lang.builder.HashCodeBuilder.append(HashCodeBuilder.java:881)
	at com.pillartech.raffle.domain.Raffle.hashCode(Raffle.java:76)
	at org.apache.commons.lang.builder.HashCodeBuilder.append(HashCodeBuilder.java:881)
	at com.pillartech.raffle.domain.Entry.hashCode(Entry.java:33)
	at java.util.AbstractSet.hashCode(AbstractSet.java:109)
	at org.apache.commons.lang.builder.HashCodeBuilder.append(HashCodeBuilder.java:881)
	at com.pillartech.raffle.domain.Raffle.hashCode(Raffle.java:76)
	at org.apache.commons.lang.builder.HashCodeBuilder.append(HashCodeBuilder.java:881)
	at com.pillartech.raffle.domain.Entry.hashCode(Entry.java:33)
	at java.util.AbstractSet.hashCode(AbstractSet.java:109)
	at org.apache.commons.lang.builder.HashCodeBuilder.append(HashCodeBuilder.java:881)
	at com.pillartech.raffle.domain.Raffle.hashCode(Raffle.java:76)
	at org.apache.commons.lang.builder.HashCodeBuilder.append(HashCodeBuilder.java:881)
	at com.pillartech.raffle.domain.Entry.hashCode(Entry.java:33)
	at java.util.AbstractSet.hashCode(AbstractSet.java:109)
	at org.apache.commons.lang.builder.HashCodeBuilder.append(HashCodeBuilder.java:881)
	at com.pillartech.raffle.domain.Raffle.hashCode(Raffle.java:76)
	at org.apache.commons.lang.builder.HashCodeBuilder.append(HashCodeBuilder.java:881)
	at com.pillartech.raffle.domain.Entry.hashCode(Entry.java:33)
	at java.util.AbstractSet.hashCode(AbstractSet.java:109)
	at org.apache.commons.lang.builder.HashCodeBuilder.append(HashCodeBuilder.java:881)
	at com.pillartech.raffle.domain.Raffle.hashCode(Raffle.java:76)
	at org.apache.commons.lang.builder.HashCodeBuilder.append(HashCodeBuilder.java:881)
	at com.pillartech.raffle.domain.Entry.hashCode(Entry.java:33)
	at java.util.AbstractSet.hashCode(AbstractSet.java:109)
	at org.apache.commons.lang.builder.HashCodeBuilder.append(HashCodeBuilder.java:881)
	at com.pillartech.raffle.domain.Raffle.hashCode(Raffle.java:76)
	at org.apache.commons.lang.builder.HashCodeBuilder.append(HashCodeBuilder.java:881)
	at com.pillartech.raffle.domain.Entry.hashCode(Entry.java:33)
	at java.util.AbstractSet.hashCode(AbstractSet.java:109)
	at org.apache.commons.lang.builder.HashCodeBuilder.append(HashCodeBuilder.java:881)
	at com.pillartech.raffle.domain.Raffle.hashCode(Raffle.java:76)
	at org.apache.commons.lang.builder.HashCodeBuilder.append(HashCodeBuilder.java:881)
	at com.pillartech.raffle.domain.Entry.hashCode(Entry.java:33)
	at java.util.AbstractSet.hashCode(AbstractSet.java:109)
	at org.apache.commons.lang.builder.HashCodeBuilder.append(HashCodeBuilder.java:881)
	at com.pillartech.raffle.domain.Raffle.hashCode(Raffle.java:76)
	at org.apache.commons.lang.builder.HashCodeBuilder.append(HashCodeBuilder.java:881)
	at com.pillartech.raffle.domain.Entry.hashCode(Entry.java:33)
	at java.util.AbstractSet.hashCode(AbstractSet.java:109)
	at org.apache.commons.lang.builder.HashCodeBuilder.append(HashCodeBuilder.java:881)
	at com.pillartech.raffle.domain.Raffle.hashCode(Raffle.java:76)
	at org.apache.commons.lang.builder.HashCodeBuilder.append(HashCodeBuilder.java:881)
	at com.pillartech.raffle.domain.Entry.hashCode(Entry.java:33)
	at java.util.AbstractSet.hashCode(AbstractSet.java:109)
	at org.apache.commons.lang.builder.HashCodeBuilder.append(HashCodeBuilder.java:881)
	at com.pillartech.raffle.domain.Raffle.hashCode(Raffle.java:76)
	at org.apache.commons.lang.builder.HashCodeBuilder.append(HashCodeBuilder.java:881)
	at com.pillartech.raffle.domain.Entry.hashCode(Entry.java:33)
	at java.util.AbstractSet.hashCode(AbstractSet.java:109)
	at org.apache.commons.lang.builder.HashCodeBuilder.append(HashCodeBuilder.java:881)
	at com.pillartech.raffle.domain.Raffle.hashCode(Raffle.java:76)
	at org.apache.commons.lang.builder.HashCodeBuilder.append(HashCodeBuilder.java:881)
	at com.pillartech.raffle.domain.Entry.hashCode(Entry.java:33)
	at java.util.AbstractSet.hashCode(AbstractSet.java:109)
	at org.apache.commons.lang.builder.HashCodeBuilder.append(HashCodeBuilder.java:881)
	at com.pillartech.raffle.domain.Raffle.hashCode(Raffle.java:76)
	at org.apache.commons.lang.builder.HashCodeBuilder.append(HashCodeBuilder.java:881)
	at com.pillartech.raffle.domain.Entry.hashCode(Entry.java:33)
	at java.util.AbstractSet.hashCode(AbstractSet.java:109)
	at org.apache.commons.lang.builder.HashCodeBuilder.append(HashCodeBuilder.java:881)
	at com.pillartech.raffle.domain.Raffle.hashCode(Raffle.java:76)
	at org.apache.commons.lang.builder.HashCodeBuilder.append(HashCodeBuilder.java:881)
	at com.pillartech.raffle.domain.Entry.hashCode(Entry.java:33)
	at java.util.AbstractSet.hashCode(AbstractSet.java:109)
	at org.apache.commons.lang.builder.HashCodeBuilder.append(HashCodeBuilder.java:881)
	at com.pillartech.raffle.domain.Raffle.hashCode(Raffle.java:76)
	at org.apache.commons.lang.builder.HashCodeBuilder.append(HashCodeBuilder.java:881)
	at com.pillartech.raffle.domain.Entry.hashCode(Entry.java:33)
	at java.util.AbstractSet.hashCode(AbstractSet.java:109)
	at org.apache.commons.lang.builder.HashCodeBuilder.append(HashCodeBuilder.java:881)
	at com.pillartech.raffle.domain.Raffle.hashCode(Raffle.java:76)
	at org.apache.commons.lang.builder.HashCodeBuilder.append(HashCodeBuilder.java:881)
	at com.pillartech.raffle.domain.Entry.hashCode(Entry.java:33)
	at java.util.AbstractSet.hashCode(AbstractSet.java:109)
	at org.apache.commons.lang.builder.HashCodeBuilder.append(HashCodeBuilder.java:881)
	at com.pillartech.raffle.domain.Raffle.hashCode(Raffle.java:76)
	at org.apache.commons.lang.builder.HashCodeBuilder.append(HashCodeBuilder.java:881)
	at com.pillartech.raffle.domain.Entry.hashCode(Entry.java:33)
	at java.util.AbstractSet.hashCode(AbstractSet.java:109)
	at org.apache.commons.lang.builder.HashCodeBuilder.append(HashCodeBuilder.java:881)
	at com.pillartech.raffle.domain.Raffle.hashCode(Raffle.java:76)
	at org.apache.commons.lang.builder.HashCodeBuilder.append(HashCodeBuilder.java:881)
	at com.pillartech.raffle.domain.Entry.hashCode(Entry.java:33)
	at java.util.AbstractSet.hashCode(AbstractSet.java:109)
	at org.apache.commons.lang.builder.HashCodeBuilder.append(HashCodeBuilder.java:881)
	at com.pillartech.raffle.domain.Raffle.hashCode(Raffle.java:76)
	at org.apache.commons.lang.builder.HashCodeBuilder.append(HashCodeBuilder.java:881)
	at com.pillartech.raffle.domain.Entry.hashCode(Entry.java:33)
	at java.util.AbstractSet.hashCode(AbstractSet.java:109)
	at org.apache.commons.lang.builder.HashCodeBuilder.append(HashCodeBuilder.java:881)
	at com.pillartech.raffle.domain.Raffle.hashCode(Raffle.java:76)
	at org.apache.commons.lang.builder.HashCodeBuilder.append(HashCodeBuilder.java:881)
	at com.pillartech.raffle.domain.Entry.hashCode(Entry.java:33)
	at java.util.AbstractSet.hashCode(AbstractSet.java:109)
	at org.apache.commons.lang.builder.HashCodeBuilder.append(HashCodeBuilder.java:881)
	at com.pillartech.raffle.domain.Raffle.hashCode(Raffle.java:76)
	at org.apache.commons.lang.builder.HashCodeBuilder.append(HashCodeBuilder.java:881)
	at com.pillartech.raffle.domain.Entry.hashCode(Entry.java:33)
	at java.util.AbstractSet.hashCode(AbstractSet.java:109)
	at org.apache.commons.lang.builder.HashCodeBuilder.append(HashCodeBuilder.java:881)
	at com.pillartech.raffle.domain.Raffle.hashCode(Raffle.java:76)
	at org.apache.commons.lang.builder.HashCodeBuilder.append(HashCodeBuilder.java:881)
	at com.pillartech.raffle.domain.Entry.hashCode(Entry.java:33)
	at java.util.AbstractSet.hashCode(AbstractSet.java:109)
	at org.apache.commons.lang.builder.HashCodeBuilder.append(HashCodeBuilder.java:881)
	at com.pillartech.raffle.domain.Raffle.hashCode(Raffle.java:76)
	at org.apache.commons.lang.builder.HashCodeBuilder.append(HashCodeBuilder.java:881)
	at com.pillartech.raffle.domain.Entry.hashCode(Entry.java:33)
	at java.util.AbstractSet.hashCode(AbstractSet.java:109)
	at org.apache.commons.lang.builder.HashCodeBuilder.append(HashCodeBuilder.java:881)
	at com.pillartech.raffle.domain.Raffle.hashCode(Raffle.java:76)
	at org.apache.commons.lang.builder.HashCodeBuilder.append(HashCodeBuilder.java:881)
	at com.pillartech.raffle.domain.Entry.hashCode(Entry.java:33)
	at java.util.AbstractSet.hashCode(AbstractSet.java:109)
	at org.apache.commons.lang.builder.HashCodeBuilder.append(HashCodeBuilder.java:881)
	at com.pillartech.raffle.domain.Raffle.hashCode(Raffle.java:76)
	at org.apache.commons.lang.builder.HashCodeBuilder.append(HashCodeBuilder.java:881)
	at com.pillartech.raffle.domain.Entry.hashCode(Entry.java:33)
	at java.util.AbstractSet.hashCode(AbstractSet.java:109)
	at org.apache.commons.lang.builder.HashCodeBuilder.append(HashCodeBuilder.java:881)
	at com.pillartech.raffle.domain.Raffle.hashCode(Raffle.java:76)
	at org.apache.commons.lang.builder.HashCodeBuilder.append(HashCodeBuilder.java:881)
	at com.pillartech.raffle.domain.Entry.hashCode(Entry.java:33)
	at java.util.AbstractSet.hashCode(AbstractSet.java:109)
	at org.apache.commons.lang.builder.HashCodeBuilder.append(HashCodeBuilder.java:881)
	at com.pillartech.raffle.domain.Raffle.hashCode(Raffle.java:76)
	at org.apache.commons.lang.builder.HashCodeBuilder.append(HashCodeBuilder.java:881)
	at com.pillartech.raffle.domain.Entry.hashCode(Entry.java:33)
	at java.util.AbstractSet.hashCode(AbstractSet.java:109)
	at org.apache.commons.lang.builder.HashCodeBuilder.append(HashCodeBuilder.java:881)
	at com.pillartech.raffle.domain.Raffle.hashCode(Raffle.java:76)
	at org.apache.commons.lang.builder.HashCodeBuilder.append(HashCodeBuilder.java:881)
	at com.pillartech.raffle.domain.Entry.hashCode(Entry.java:33)
	at java.util.AbstractSet.hashCode(AbstractSet.java:109)
	at org.apache.commons.lang.builder.HashCodeBuilder.append(HashCodeBuilder.java:881)
	at com.pillartech.raffle.domain.Raffle.hashCode(Raffle.java:76)
	at org.apache.commons.lang.builder.HashCodeBuilder.append(HashCodeBuilder.java:881)
	at com.pillartech.raffle.domain.Entry.hashCode(Entry.java:33)
	at java.util.AbstractSet.hashCode(AbstractSet.java:109)
	at org.apache.commons.lang.builder.HashCodeBuilder.append(HashCodeBuilder.java:881)
	at com.pillartech.raffle.domain.Raffle.hashCode(Raffle.java:76)
	at org.apache.commons.lang.builder.HashCodeBuilder.append(HashCodeBuilder.java:881)
	at com.pillartech.raffle.domain.Entry.hashCode(Entry.java:33)
	at java.util.AbstractSet.hashCode(AbstractSet.java:109)
	at org.apache.commons.lang.builder.HashCodeBuilder.append(HashCodeBuilder.java:881)
	at com.pillartech.raffle.domain.Raffle.hashCode(Raffle.java:76)
	at org.apache.commons.lang.builder.HashCodeBuilder.append(HashCodeBuilder.java:881)
	at com.pillartech.raffle.domain.Entry.hashCode(Entry.java:33)
	at java.util.AbstractSet.hashCode(AbstractSet.java:109)
	at org.apache.commons.lang.builder.HashCodeBuilder.append(HashCodeBuilder.java:881)
	at com.pillartech.raffle.domain.Raffle.hashCode(Raffle.java:76)
	at org.apache.commons.lang.builder.HashCodeBuilder.append(HashCodeBuilder.java:881)
	at com.pillartech.raffle.domain.Entry.hashCode(Entry.java:33)
	at java.util.AbstractSet.hashCode(AbstractSet.java:109)
	at org.apache.commons.lang.builder.HashCodeBuilder.append(HashCodeBuilder.java:881)
	at com.pillartech.raffle.domain.Raffle.hashCode(Raffle.java:76)
	at org.apache.commons.lang.builder.HashCodeBuilder.append(HashCodeBuilder.java:881)
	at com.pillartech.raffle.domain.Entry.hashCode(Entry.java:33)
	at java.util.AbstractSet.hashCode(AbstractSet.java:109)
	at org.apache.commons.lang.builder.HashCodeBuilder.append(HashCodeBuilder.java:881)
	at com.pillartech.raffle.domain.Raffle.hashCode(Raffle.java:76)
	at org.apache.commons.lang.builder.HashCodeBuilder.append(HashCodeBuilder.java:881)
	at com.pillartech.raffle.domain.Entry.hashCode(Entry.java:33)
	at java.util.AbstractSet.hashCode(AbstractSet.java:109)
	at org.apache.commons.lang.builder.HashCodeBuilder.append(HashCodeBuilder.java:881)
	at com.pillartech.raffle.domain.Raffle.hashCode(Raffle.java:76)
	at org.apache.commons.lang.builder.HashCodeBuilder.append(HashCodeBuilder.java:881)
	at com.pillartech.raffle.domain.Entry.hashCode(Entry.java:33)
	at java.util.AbstractSet.hashCode(AbstractSet.java:109)
	at org.apache.commons.lang.builder.HashCodeBuilder.append(HashCodeBuilder.java:881)
	at com.pillartech.raffle.domain.Raffle.hashCode(Raffle.java:76)
	at org.apache.commons.lang.builder.HashCodeBuilder.append(HashCodeBuilder.java:881)
	at com.pillartech.raffle.domain.Entry.hashCode(Entry.java:33)
	at java.util.AbstractSet.hashCode(AbstractSet.java:109)
	at org.apache.commons.lang.builder.HashCodeBuilder.append(HashCodeBuilder.java:881)
	at com.pillartech.raffle.domain.Raffle.hashCode(Raffle.java:76)
	at org.apache.commons.lang.builder.HashCodeBuilder.append(HashCodeBuilder.java:881)
	at com.pillartech.raffle.domain.Entry.hashCode(Entry.java:33)
	at java.util.AbstractSet.hashCode(AbstractSet.java:109)
	at org.apache.commons.lang.builder.HashCodeBuilder.append(HashCodeBuilder.java:881)
	at com.pillartech.raffle.domain.Raffle.hashCode(Raffle.java:76)
	at org.apache.commons.lang.builder.HashCodeBuilder.append(HashCodeBuilder.java:881)
	at com.pillartech.raffle.domain.Entry.hashCode(Entry.java:33)
	at java.util.AbstractSet.hashCode(AbstractSet.java:109)
	at org.apache.commons.lang.builder.HashCodeBuilder.append(HashCodeBuilder.java:881)
	at com.pillartech.raffle.domain.Raffle.hashCode(Raffle.java:76)
	at org.apache.commons.lang.builder.HashCodeBuilder.append(HashCodeBuilder.java:881)
	at com.pillartech.raffle.domain.Entry.hashCode(Entry.java:33)
	at java.util.AbstractSet.hashCode(AbstractSet.java:109)
	at org.apache.commons.lang.builder.HashCodeBuilder.append(HashCodeBuilder.java:881)
	at com.pillartech.raffle.domain.Raffle.hashCode(Raffle.java:76)
	at org.apache.commons.lang.builder.HashCodeBuilder.append(HashCodeBuilder.java:881)
	at com.pillartech.raffle.domain.Entry.hashCode(Entry.java:33)
	at java.util.AbstractSet.hashCode(AbstractSet.java:109)
	at org.apache.commons.lang.builder.HashCodeBuilder.append(HashCodeBuilder.java:881)
	at com.pillartech.raffle.domain.Raffle.hashCode(Raffle.java:76)
	at org.apache.commons.lang.builder.HashCodeBuilder.append(HashCodeBuilder.java:881)
	at com.pillartech.raffle.domain.Entry.hashCode(Entry.java:33)
	at java.util.AbstractSet.hashCode(AbstractSet.java:109)
	at org.apache.commons.lang.builder.HashCodeBuilder.append(HashCodeBuilder.java:881)
	at com.pillartech.raffle.domain.Raffle.hashCode(Raffle.java:76)
	at org.apache.commons.lang.builder.HashCodeBuilder.append(HashCodeBuilder.java:881)
	at com.pillartech.raffle.domain.Entry.hashCode(Entry.java:33)
	at java.util.AbstractSet.hashCode(AbstractSet.java:109)
	at org.apache.commons.lang.builder.HashCodeBuilder.append(HashCodeBuilder.java:881)
	at com.pillartech.raffle.domain.Raffle.hashCode(Raffle.java:76)
	at org.apache.commons.lang.builder.HashCodeBuilder.append(HashCodeBuilder.java:881)
	at com.pillartech.raffle.domain.Entry.hashCode(Entry.java:33)
	at java.util.AbstractSet.hashCode(AbstractSet.java:109)
	at org.apache.commons.lang.builder.HashCodeBuilder.append(HashCodeBuilder.java:881)
	at com.pillartech.raffle.domain.Raffle.hashCode(Raffle.java:76)
	at org.apache.commons.lang.builder.HashCodeBuilder.append(HashCodeBuilder.java:881)
	at com.pillartech.raffle.domain.Entry.hashCode(Entry.java:33)
	at java.util.AbstractSet.hashCode(AbstractSet.java:109)
	at org.apache.commons.lang.builder.HashCodeBuilder.append(HashCodeBuilder.java:881)
	at com.pillartech.raffle.domain.Raffle.hashCode(Raffle.java:76)
	at org.apache.commons.lang.builder.HashCodeBuilder.append(HashCodeBuilder.java:881)
	at com.pillartech.raffle.domain.Entry.hashCode(Entry.java:33)
	at java.util.AbstractSet.hashCode(AbstractSet.java:109)
	at org.apache.commons.lang.builder.HashCodeBuilder.append(HashCodeBuilder.java:881)
	at com.pillartech.raffle.domain.Raffle.hashCode(Raffle.java:76)
	at org.apache.commons.lang.builder.HashCodeBuilder.append(HashCodeBuilder.java:881)
	at com.pillartech.raffle.domain.Entry.hashCode(Entry.java:33)
	at java.util.AbstractSet.hashCode(AbstractSet.java:109)
	at org.apache.commons.lang.builder.HashCodeBuilder.append(HashCodeBuilder.java:881)
	at com.pillartech.raffle.domain.Raffle.hashCode(Raffle.java:76)
	at org.apache.commons.lang.builder.HashCodeBuilder.append(HashCodeBuilder.java:881)
	at com.pillartech.raffle.domain.Entry.hashCode(Entry.java:33)
	at java.util.AbstractSet.hashCode(AbstractSet.java:109)
	at org.apache.commons.lang.builder.HashCodeBuilder.append(HashCodeBuilder.java:881)
	at com.pillartech.raffle.domain.Raffle.hashCode(Raffle.java:76)
	at org.apache.commons.lang.builder.HashCodeBuilder.append(HashCodeBuilder.java:881)
	at com.pillartech.raffle.domain.Entry.hashCode(Entry.java:33)
	at java.util.AbstractSet.hashCode(AbstractSet.java:109)
	at org.apache.commons.lang.builder.HashCodeBuilder.append(HashCodeBuilder.java:881)
	at com.pillartech.raffle.domain.Raffle.hashCode(Raffle.java:76)
	at org.apache.commons.lang.builder.HashCodeBuilder.append(HashCodeBuilder.java:881)
	at com.pillartech.raffle.domain.Entry.hashCode(Entry.java:33)
	at java.util.AbstractSet.hashCode(AbstractSet.java:109)
	at org.apache.commons.lang.builder.HashCodeBuilder.append(HashCodeBuilder.java:881)
	at com.pillartech.raffle.domain.Raffle.hashCode(Raffle.java:76)
	at org.apache.commons.lang.builder.HashCodeBuilder.append(HashCodeBuilder.java:881)
	at com.pillartech.raffle.domain.Entry.hashCode(Entry.java:33)
	at java.util.AbstractSet.hashCode(AbstractSet.java:109)
	at org.apache.commons.lang.builder.HashCodeBuilder.append(HashCodeBuilder.java:881)
	at com.pillartech.raffle.domain.Raffle.hashCode(Raffle.java:76)
	at org.apache.commons.lang.builder.HashCodeBuilder.append(HashCodeBuilder.java:881)
	at com.pillartech.raffle.domain.Entry.hashCode(Entry.java:33)
	at java.util.AbstractSet.hashCode(AbstractSet.java:109)
	at org.apache.commons.lang.builder.HashCodeBuilder.append(HashCodeBuilder.java:881)
	at com.pillartech.raffle.domain.Raffle.hashCode(Raffle.java:76)
	at org.apache.commons.lang.builder.HashCodeBuilder.append(HashCodeBuilder.java:881)
	at com.pillartech.raffle.domain.Entry.hashCode(Entry.java:33)
	at java.util.AbstractSet.hashCode(AbstractSet.java:109)
	at org.apache.commons.lang.builder.HashCodeBuilder.append(HashCodeBuilder.java:881)
	at com.pillartech.raffle.domain.Raffle.hashCode(Raffle.java:76)
	at org.apache.commons.lang.builder.HashCodeBuilder.append(HashCodeBuilder.java:881)
	at com.pillartech.raffle.domain.Entry.hashCode(Entry.java:33)
	at java.util.AbstractSet.hashCode(AbstractSet.java:109)
	at org.apache.commons.lang.builder.HashCodeBuilder.append(HashCodeBuilder.java:881)
	at com.pillartech.raffle.domain.Raffle.hashCode(Raffle.java:76)
	at org.apache.commons.lang.builder.HashCodeBuilder.append(HashCodeBuilder.java:881)
	at com.pillartech.raffle.domain.Entry.hashCode(Entry.java:33)
	at java.util.AbstractSet.hashCode(AbstractSet.java:109)
	at org.apache.commons.lang.builder.HashCodeBuilder.append(HashCodeBuilder.java:881)
	at com.pillartech.raffle.domain.Raffle.hashCode(Raffle.java:76)
	at org.apache.commons.lang.builder.HashCodeBuilder.append(HashCodeBuilder.java:881)
	at com.pillartech.raffle.domain.Entry.hashCode(Entry.java:33)
	at java.util.AbstractSet.hashCode(AbstractSet.java:109)
	at org.apache.commons.lang.builder.HashCodeBuilder.append(HashCodeBuilder.java:881)
	at com.pillartech.raffle.domain.Raffle.hashCode(Raffle.java:76)
	at org.apache.commons.lang.builder.HashCodeBuilder.append(HashCodeBuilder.java:881)
	at com.pillartech.raffle.domain.Entry.hashCode(Entry.java:33)
	at java.util.AbstractSet.hashCode(AbstractSet.java:109)
	at org.apache.commons.lang.builder.HashCodeBuilder.append(HashCodeBuilder.java:881)
	at com.pillartech.raffle.domain.Raffle.hashCode(Raffle.java:76)
	at org.apache.commons.lang.builder.HashCodeBuilder.append(HashCodeBuilder.java:881)
	at com.pillartech.raffle.domain.Entry.hashCode(Entry.java:33)
	at java.util.AbstractSet.hashCode(AbstractSet.java:109)
	at org.apache.commons.lang.builder.HashCodeBuilder.append(HashCodeBuilder.java:881)
	at com.pillartech.raffle.domain.Raffle.hashCode(Raffle.java:76)
	at org.apache.commons.lang.builder.HashCodeBuilder.append(HashCodeBuilder.java:881)
	at com.pillartech.raffle.domain.Entry.hashCode(Entry.java:33)
	at java.util.AbstractSet.hashCode(AbstractSet.java:109)
	at org.apache.commons.lang.builder.HashCodeBuilder.append(HashCodeBuilder.java:881)
	at com.pillartech.raffle.domain.Raffle.hashCode(Raffle.java:76)
	at org.apache.commons.lang.builder.HashCodeBuilder.append(HashCodeBuilder.java:881)
	at com.pillartech.raffle.domain.Entry.hashCode(Entry.java:33)
	at java.util.AbstractSet.hashCode(AbstractSet.java:109)
	at org.apache.commons.lang.builder.HashCodeBuilder.append(HashCodeBuilder.java:881)
	at com.pillartech.raffle.domain.Raffle.hashCode(Raffle.java:76)
	at org.apache.commons.lang.builder.HashCodeBuilder.append(HashCodeBuilder.java:881)
	at com.pillartech.raffle.domain.Entry.hashCode(Entry.java:33)
	at java.util.AbstractSet.hashCode(AbstractSet.java:109)
	at org.apache.commons.lang.builder.HashCodeBuilder.append(HashCodeBuilder.java:881)
	at com.pillartech.raffle.domain.Raffle.hashCode(Raffle.java:76)
	at org.apache.commons.lang.builder.HashCodeBuilder.append(HashCodeBuilder.java:881)
	at com.pillartech.raffle.domain.Entry.hashCode(Entry.java:33)
	at java.util.AbstractSet.hashCode(AbstractSet.java:109)
	at org.apache.commons.lang.builder.HashCodeBuilder.append(HashCodeBuilder.java:881)
	at com.pillartech.raffle.domain.Raffle.hashCode(Raffle.java:76)
	at org.apache.commons.lang.builder.HashCodeBuilder.append(HashCodeBuilder.java:881)
	at com.pillartech.raffle.domain.Entry.hashCode(Entry.java:33)
	at java.util.AbstractSet.hashCode(AbstractSet.java:109)
	at org.apache.commons.lang.builder.HashCodeBuilder.append(HashCodeBuilder.java:881)
	at com.pillartech.raffle.domain.Raffle.hashCode(Raffle.java:76)
	at org.apache.commons.lang.builder.HashCodeBuilder.append(HashCodeBuilder.java:881)
	at com.pillartech.raffle.domain.Entry.hashCode(Entry.java:33)
	at java.util.AbstractSet.hashCode(AbstractSet.java:109)
	at org.apache.commons.lang.builder.HashCodeBuilder.append(HashCodeBuilder.java:881)
	at com.pillartech.raffle.domain.Raffle.hashCode(Raffle.java:76)
	at org.apache.commons.lang.builder.HashCodeBuilder.append(HashCodeBuilder.java:881)
	at com.pillartech.raffle.domain.Entry.hashCode(Entry.java:33)
	at java.util.AbstractSet.hashCode(AbstractSet.java:109)
	at org.apache.commons.lang.builder.HashCodeBuilder.append(HashCodeBuilder.java:881)
	at com.pillartech.raffle.domain.Raffle.hashCode(Raffle.java:76)
	at org.apache.commons.lang.builder.HashCodeBuilder.append(HashCodeBuilder.java:881)
	at com.pillartech.raffle.domain.Entry.hashCode(Entry.java:33)
	at java.util.AbstractSet.hashCode(AbstractSet.java:109)
	at org.apache.commons.lang.builder.HashCodeBuilder.append(HashCodeBuilder.java:881)
	at com.pillartech.raffle.domain.Raffle.hashCode(Raffle.java:76)
	at org.apache.commons.lang.builder.HashCodeBuilder.append(HashCodeBuilder.java:881)
	at com.pillartech.raffle.domain.Entry.hashCode(Entry.java:33)
	at java.util.AbstractSet.hashCode(AbstractSet.java:109)
	at org.apache.commons.lang.builder.HashCodeBuilder.append(HashCodeBuilder.java:881)
	at com.pillartech.raffle.domain.Raffle.hashCode(Raffle.java:76)
	at org.apache.commons.lang.builder.HashCodeBuilder.append(HashCodeBuilder.java:881)
	at com.pillartech.raffle.domain.Entry.hashCode(Entry.java:33)
	at java.util.AbstractSet.hashCode(AbstractSet.java:109)
	at org.apache.commons.lang.builder.HashCodeBuilder.append(HashCodeBuilder.java:881)
	at com.pillartech.raffle.domain.Raffle.hashCode(Raffle.java:76)
	at org.apache.commons.lang.builder.HashCodeBuilder.append(HashCodeBuilder.java:881)
	at com.pillartech.raffle.domain.Entry.hashCode(Entry.java:33)
	at java.util.AbstractSet.hashCode(AbstractSet.java:109)
	at org.apache.commons.lang.builder.HashCodeBuilder.append(HashCodeBuilder.java:881)
	at com.pillartech.raffle.domain.Raffle.hashCode(Raffle.java:76)
	at org.apache.commons.lang.builder.HashCodeBuilder.append(HashCodeBuilder.java:881)
	at com.pillartech.raffle.domain.Entry.hashCode(Entry.java:33)
	at java.util.AbstractSet.hashCode(AbstractSet.java:109)
	at org.apache.commons.lang.builder.HashCodeBuilder.append(HashCodeBuilder.java:881)
	at com.pillartech.raffle.domain.Raffle.hashCode(Raffle.java:76)
	at org.apache.commons.lang.builder.HashCodeBuilder.append(HashCodeBuilder.java:881)
	at com.pillartech.raffle.domain.Entry.hashCode(Entry.java:33)
	at java.util.AbstractSet.hashCode(AbstractSet.java:109)
	at org.apache.commons.lang.builder.HashCodeBuilder.append(HashCodeBuilder.java:881)
	at com.pillartech.raffle.domain.Raffle.hashCode(Raffle.java:76)
	at org.apache.commons.lang.builder.HashCodeBuilder.append(HashCodeBuilder.java:881)
	at com.pillartech.raffle.domain.Entry.hashCode(Entry.java:33)
	at java.util.AbstractSet.hashCode(AbstractSet.java:109)
	at org.apache.commons.lang.builder.HashCodeBuilder.append(HashCodeBuilder.java:881)
	at com.pillartech.raffle.domain.Raffle.hashCode(Raffle.java:76)
	at org.apache.commons.lang.builder.HashCodeBuilder.append(HashCodeBuilder.java:881)
	at com.pillartech.raffle.domain.Entry.hashCode(Entry.java:33)
	at java.util.AbstractSet.hashCode(AbstractSet.java:109)
	at org.apache.commons.lang.builder.HashCodeBuilder.append(HashCodeBuilder.java:881)
	at com.pillartech.raffle.domain.Raffle.hashCode(Raffle.java:76)
	at org.apache.commons.lang.builder.HashCodeBuilder.append(HashCodeBuilder.java:881)
	at com.pillartech.raffle.domain.Entry.hashCode(Entry.java:33)
	at java.util.AbstractSet.hashCode(AbstractSet.java:109)
	at org.apache.commons.lang.builder.HashCodeBuilder.append(HashCodeBuilder.java:881)
	at com.pillartech.raffle.domain.Raffle.hashCode(Raffle.java:76)
	at org.apache.commons.lang.builder.HashCodeBuilder.append(HashCodeBuilder.java:881)
	at com.pillartech.raffle.domain.Entry.hashCode(Entry.java:33)
	at java.util.AbstractSet.hashCode(AbstractSet.java:109)
	at org.apache.commons.lang.builder.HashCodeBuilder.append(HashCodeBuilder.java:881)
	at com.pillartech.raffle.domain.Raffle.hashCode(Raffle.java:76)
	at org.apache.commons.lang.builder.HashCodeBuilder.append(HashCodeBuilder.java:881)
	at com.pillartech.raffle.domain.Entry.hashCode(Entry.java:33)
	at java.util.AbstractSet.hashCode(AbstractSet.java:109)
	at org.apache.commons.lang.builder.HashCodeBuilder.append(HashCodeBuilder.java:881)
	at com.pillartech.raffle.domain.Raffle.hashCode(Raffle.java:76)
	at org.apache.commons.lang.builder.HashCodeBuilder.append(HashCodeBuilder.java:881)
	at com.pillartech.raffle.domain.Entry.hashCode(Entry.java:33)
	at java.util.AbstractSet.hashCode(AbstractSet.java:109)
	at org.apache.commons.lang.builder.HashCodeBuilder.append(HashCodeBuilder.java:881)
	at com.pillartech.raffle.domain.Raffle.hashCode(Raffle.java:76)
	at org.apache.commons.lang.builder.HashCodeBuilder.append(HashCodeBuilder.java:881)
	at com.pillartech.raffle.domain.Entry.hashCode(Entry.java:33)
	at java.util.AbstractSet.hashCode(AbstractSet.java:109)
	at org.apache.commons.lang.builder.HashCodeBuilder.append(HashCodeBuilder.java:881)
	at com.pillartech.raffle.domain.Raffle.hashCode(Raffle.java:76)
	at org.apache.commons.lang.builder.HashCodeBuilder.append(HashCodeBuilder.java:881)
	at com.pillartech.raffle.domain.Entry.hashCode(Entry.java:33)
	at java.util.AbstractSet.hashCode(AbstractSet.java:109)
	at org.apache.commons.lang.builder.HashCodeBuilder.append(HashCodeBuilder.java:881)
	at com.pillartech.raffle.domain.Raffle.hashCode(Raffle.java:76)
	at org.apache.commons.lang.builder.HashCodeBuilder.append(HashCodeBuilder.java:881)
	at com.pillartech.raffle.domain.Entry.hashCode(Entry.java:33)
	at java.util.AbstractSet.hashCode(AbstractSet.java:109)
	at org.apache.commons.lang.builder.HashCodeBuilder.append(HashCodeBuilder.java:881)
	at com.pillartech.raffle.domain.Raffle.hashCode(Raffle.java:76)
	at org.apache.commons.lang.builder.HashCodeBuilder.append(HashCodeBuilder.java:881)
	at com.pillartech.raffle.domain.Entry.hashCode(Entry.java:33)
	at java.util.AbstractSet.hashCode(AbstractSet.java:109)
	at org.apache.commons.lang.builder.HashCodeBuilder.append(HashCodeBuilder.java:881)
	at com.pillartech.raffle.domain.Raffle.hashCode(Raffle.java:76)
	at org.apache.commons.lang.builder.HashCodeBuilder.append(HashCodeBuilder.java:881)
	at com.pillartech.raffle.domain.Entry.hashCode(Entry.java:33)
	at java.util.AbstractSet.hashCode(AbstractSet.java:109)
	at org.apache.commons.lang.builder.HashCodeBuilder.append(HashCodeBuilder.java:881)
	at com.pillartech.raffle.domain.Raffle.hashCode(Raffle.java:76)
	at org.apache.commons.lang.builder.HashCodeBuilder.append(HashCodeBuilder.java:881)
	at com.pillartech.raffle.domain.Entry.hashCode(Entry.java:33)
	at java.util.AbstractSet.hashCode(AbstractSet.java:109)
	at org.apache.commons.lang.builder.HashCodeBuilder.append(HashCodeBuilder.java:881)
	at com.pillartech.raffle.domain.Raffle.hashCode(Raffle.java:76)
	at org.apache.commons.lang.builder.HashCodeBuilder.append(HashCodeBuilder.java:881)
	at com.pillartech.raffle.domain.Entry.hashCode(Entry.java:33)
	at java.util.AbstractSet.hashCode(AbstractSet.java:109)
	at org.apache.commons.lang.builder.HashCodeBuilder.append(HashCodeBuilder.java:881)
	at com.pillartech.raffle.domain.Raffle.hashCode(Raffle.java:76)
	at org.apache.commons.lang.builder.HashCodeBuilder.append(HashCodeBuilder.java:881)
	at com.pillartech.raffle.domain.Entry.hashCode(Entry.java:33)
	at java.util.AbstractSet.hashCode(AbstractSet.java:109)
	at org.apache.commons.lang.builder.HashCodeBuilder.append(HashCodeBuilder.java:881)
	at com.pillartech.raffle.domain.Raffle.hashCode(Raffle.java:76)
	at org.apache.commons.lang.builder.HashCodeBuilder.append(HashCodeBuilder.java:881)
	at com.pillartech.raffle.domain.Entry.hashCode(Entry.java:33)
	at java.util.AbstractSet.hashCode(AbstractSet.java:109)
	at org.apache.commons.lang.builder.HashCodeBuilder.append(HashCodeBuilder.java:881)
	at com.pillartech.raffle.domain.Raffle.hashCode(Raffle.java:76)
	at org.apache.commons.lang.builder.HashCodeBuilder.append(HashCodeBuilder.java:881)
	at com.pillartech.raffle.domain.Entry.hashCode(Entry.java:33)
	at java.util.AbstractSet.hashCode(AbstractSet.java:109)
	at org.apache.commons.lang.builder.HashCodeBuilder.append(HashCodeBuilder.java:881)
	at com.pillartech.raffle.domain.Raffle.hashCode(Raffle.java:76)
	at org.apache.commons.lang.builder.HashCodeBuilder.append(HashCodeBuilder.java:881)
	at com.pillartech.raffle.domain.Entry.hashCode(Entry.java:33)
	at java.util.AbstractSet.hashCode(AbstractSet.java:109)
	at org.apache.commons.lang.builder.HashCodeBuilder.append(HashCodeBuilder.java:881)
	at com.pillartech.raffle.domain.Raffle.hashCode(Raffle.java:76)
	at org.apache.commons.lang.builder.HashCodeBuilder.append(HashCodeBuilder.java:881)
	at com.pillartech.raffle.domain.Entry.hashCode(Entry.java:33)
	at java.util.AbstractSet.hashCode(AbstractSet.java:109)
	at org.apache.commons.lang.builder.HashCodeBuilder.append(HashCodeBuilder.java:881)
	at com.pillartech.raffle.domain.Raffle.hashCode(Raffle.java:76)
	at org.apache.commons.lang.builder.HashCodeBuilder.append(HashCodeBuilder.java:881)
	at com.pillartech.raffle.domain.Entry.hashCode(Entry.java:33)
	at java.util.AbstractSet.hashCode(AbstractSet.java:109)
	at org.apache.commons.lang.builder.HashCodeBuilder.append(HashCodeBuilder.java:881)
	at com.pillartech.raffle.domain.Raffle.hashCode(Raffle.java:76)
	at org.apache.commons.lang.builder.HashCodeBuilder.append(HashCodeBuilder.java:881)
	at com.pillartech.raffle.domain.Entry.hashCode(Entry.java:33)
	at java.util.AbstractSet.hashCode(AbstractSet.java:109)
	at org.apache.commons.lang.builder.HashCodeBuilder.append(HashCodeBuilder.java:881)
	at com.pillartech.raffle.domain.Raffle.hashCode(Raffle.java:76)
	at org.apache.commons.lang.builder.HashCodeBuilder.append(HashCodeBuilder.java:881)
	at com.pillartech.raffle.domain.Entry.hashCode(Entry.java:33)
	at java.util.AbstractSet.hashCode(AbstractSet.java:109)
	at org.apache.commons.lang.builder.HashCodeBuilder.append(HashCodeBuilder.java:881)
	at com.pillartech.raffle.domain.Raffle.hashCode(Raffle.java:76)
	at org.apache.commons.lang.builder.HashCodeBuilder.append(HashCodeBuilder.java:881)
	at com.pillartech.raffle.domain.Entry.hashCode(Entry.java:33)
	at java.util.AbstractSet.hashCode(AbstractSet.java:109)
	at org.apache.commons.lang.builder.HashCodeBuilder.append(HashCodeBuilder.java:881)
	at com.pillartech.raffle.domain.Raffle.hashCode(Raffle.java:76)
	at org.apache.commons.lang.builder.HashCodeBuilder.append(HashCodeBuilder.java:881)
	at com.pillartech.raffle.domain.Entry.hashCode(Entry.java:33)
	at java.util.AbstractSet.hashCode(AbstractSet.java:109)
	at org.apache.commons.lang.builder.HashCodeBuilder.append(HashCodeBuilder.java:881)
	at com.pillartech.raffle.domain.Raffle.hashCode(Raffle.java:76)
	at org.apache.commons.lang.builder.HashCodeBuilder.append(HashCodeBuilder.java:881)
	at com.pillartech.raffle.domain.Entry.hashCode(Entry.java:33)
	at java.util.AbstractSet.hashCode(AbstractSet.java:109)
	at org.apache.commons.lang.builder.HashCodeBuilder.append(HashCodeBuilder.java:881)
	at com.pillartech.raffle.domain.Raffle.hashCode(Raffle.java:76)
	at org.apache.commons.lang.builder.HashCodeBuilder.append(HashCodeBuilder.java:881)
	at com.pillartech.raffle.domain.Entry.hashCode(Entry.java:33)
	at java.util.AbstractSet.hashCode(AbstractSet.java:109)
	at org.apache.commons.lang.builder.HashCodeBuilder.append(HashCodeBuilder.java:881)
	at com.pillartech.raffle.domain.Raffle.hashCode(Raffle.java:76)
	at org.apache.commons.lang.builder.HashCodeBuilder.append(HashCodeBuilder.java:881)
	at com.pillartech.raffle.domain.Entry.hashCode(Entry.java:33)
	at java.util.AbstractSet.hashCode(AbstractSet.java:109)
	at org.apache.commons.lang.builder.HashCodeBuilder.append(HashCodeBuilder.java:881)
	at com.pillartech.raffle.domain.Raffle.hashCode(Raffle.java:76)
	at org.apache.commons.lang.builder.HashCodeBuilder.append(HashCodeBuilder.java:881)
	at com.pillartech.raffle.domain.Entry.hashCode(Entry.java:33)
	at java.util.AbstractSet.hashCode(AbstractSet.java:109)
	at org.apache.commons.lang.builder.HashCodeBuilder.append(HashCodeBuilder.java:881)
	at com.pillartech.raffle.domain.Raffle.hashCode(Raffle.java:76)
	at org.apache.commons.lang.builder.HashCodeBuilder.append(HashCodeBuilder.java:881)
	at com.pillartech.raffle.domain.Entry.hashCode(Entry.java:33)
	at java.util.AbstractSet.hashCode(AbstractSet.java:109)
	at org.apache.commons.lang.builder.HashCodeBuilder.append(HashCodeBuilder.java:881)
	at com.pillartech.raffle.domain.Raffle.hashCode(Raffle.java:76)
	at org.apache.commons.lang.builder.HashCodeBuilder.append(HashCodeBuilder.java:881)
	at com.pillartech.raffle.domain.Entry.hashCode(Entry.java:33)
	at java.util.AbstractSet.hashCode(AbstractSet.java:109)
	at org.apache.commons.lang.builder.HashCodeBuilder.append(HashCodeBuilder.java:881)
	at com.pillartech.raffle.domain.Raffle.hashCode(Raffle.java:76)
	at org.apache.commons.lang.builder.HashCodeBuilder.append(HashCodeBuilder.java:881)
	at com.pillartech.raffle.domain.Entry.hashCode(Entry.java:33)
	at java.util.AbstractSet.hashCode(AbstractSet.java:109)
	at org.apache.commons.lang.builder.HashCodeBuilder.append(HashCodeBuilder.java:881)
	at com.pillartech.raffle.domain.Raffle.hashCode(Raffle.java:76)
	at org.apache.commons.lang.builder.HashCodeBuilder.append(HashCodeBuilder.java:881)
	at com.pillartech.raffle.domain.Entry.hashCode(Entry.java:33)
	at java.util.AbstractSet.hashCode(AbstractSet.java:109)
	at org.apache.commons.lang.builder.HashCodeBuilder.append(HashCodeBuilder.java:881)
	at com.pillartech.raffle.domain.Raffle.hashCode(Raffle.java:76)
	at org.apache.commons.lang.builder.HashCodeBuilder.append(HashCodeBuilder.java:881)
	at com.pillartech.raffle.domain.Entry.hashCode(Entry.java:33)
	at java.util.AbstractSet.hashCode(AbstractSet.java:109)
	at org.apache.commons.lang.builder.HashCodeBuilder.append(HashCodeBuilder.java:881)
	at com.pillartech.raffle.domain.Raffle.hashCode(Raffle.java:76)
	at org.apache.commons.lang.builder.HashCodeBuilder.append(HashCodeBuilder.java:881)
	at com.pillartech.raffle.domain.Entry.hashCode(Entry.java:33)
	at java.util.AbstractSet.hashCode(AbstractSet.java:109)
	at org.apache.commons.lang.builder.HashCodeBuilder.append(HashCodeBuilder.java:881)
	at com.pillartech.raffle.domain.Raffle.hashCode(Raffle.java:76)
	at org.apache.commons.lang.builder.HashCodeBuilder.append(HashCodeBuilder.java:881)
	at com.pillartech.raffle.domain.Entry.hashCode(Entry.java:33)
	at java.util.AbstractSet.hashCode(AbstractSet.java:109)
	at org.apache.commons.lang.builder.HashCodeBuilder.append(HashCodeBuilder.java:881)
	at com.pillartech.raffle.domain.Raffle.hashCode(Raffle.java:76)
	at org.apache.commons.lang.builder.HashCodeBuilder.append(HashCodeBuilder.java:881)
	at com.pillartech.raffle.domain.Entry.hashCode(Entry.java:33)
	at java.util.AbstractSet.hashCode(AbstractSet.java:109)
	at org.apache.commons.lang.builder.HashCodeBuilder.append(HashCodeBuilder.java:881)
	at com.pillartech.raffle.domain.Raffle.hashCode(Raffle.java:76)
	at org.apache.commons.lang.builder.HashCodeBuilder.append(HashCodeBuilder.java:881)
	at com.pillartech.raffle.domain.Entry.hashCode(Entry.java:33)
	at java.util.AbstractSet.hashCode(AbstractSet.java:109)
	at org.apache.commons.lang.builder.HashCodeBuilder.append(HashCodeBuilder.java:881)
	at com.pillartech.raffle.domain.Raffle.hashCode(Raffle.java:76)
	at org.apache.commons.lang.builder.HashCodeBuilder.append(HashCodeBuilder.java:881)
	at com.pillartech.raffle.domain.Entry.hashCode(Entry.java:33)
	at java.util.AbstractSet.hashCode(AbstractSet.java:109)
	at org.apache.commons.lang.builder.HashCodeBuilder.append(HashCodeBuilder.java:881)
	at com.pillartech.raffle.domain.Raffle.hashCode(Raffle.java:76)
	at org.apache.commons.lang.builder.HashCodeBuilder.append(HashCodeBuilder.java:881)
	at com.pillartech.raffle.domain.Entry.hashCode(Entry.java:33)
	at java.util.AbstractSet.hashCode(AbstractSet.java:109)
	at org.apache.commons.lang.builder.HashCodeBuilder.append(HashCodeBuilder.java:881)
	at com.pillartech.raffle.domain.Raffle.hashCode(Raffle.java:76)
	at org.apache.commons.lang.builder.HashCodeBuilder.append(HashCodeBuilder.java:881)
	at com.pillartech.raffle.domain.Entry.hashCode(Entry.java:33)
	at java.util.AbstractSet.hashCode(AbstractSet.java:109)
	at org.apache.commons.lang.builder.HashCodeBuilder.append(HashCodeBuilder.java:881)
	at com.pillartech.raffle.domain.Raffle.hashCode(Raffle.java:76)
	at org.apache.commons.lang.builder.HashCodeBuilder.append(HashCodeBuilder.java:881)
	at com.pillartech.raffle.domain.Entry.hashCode(Entry.java:33)
]]>
            </full-stacktrace>
          </exception>
        </test-method>
        <test-method status="SKIP" signature="test_add_duplicate_entry()" name="test_add_duplicate_entry" duration-ms="3" started-at="2009-12-28T11:23:00Z" finished-at="2009-12-28T11:23:00Z">
        </test-method>
        <test-method status="SKIP" signature="setup_entries_and_raffle()" name="setup_entries_and_raffle" is-config="true" duration-ms="0" started-at="2009-12-28T11:23:00Z" finished-at="2009-12-28T11:23:00Z">
        </test-method>
        <test-method status="SKIP" signature="test_add_entry_to_null_set_works()" name="test_add_entry_to_null_set_works" duration-ms="7" started-at="2009-12-28T11:23:00Z" finished-at="2009-12-28T11:23:00Z">
        </test-method>
        <test-method status="SKIP" signature="setup_entries_and_raffle()" name="setup_entries_and_raffle" is-config="true" duration-ms="0" started-at="2009-12-28T11:23:00Z" finished-at="2009-12-28T11:23:00Z">
        </test-method>
        <test-method status="SKIP" signature="test_add_new_entry()" name="test_add_new_entry" duration-ms="3" started-at="2009-12-28T11:23:00Z" finished-at="2009-12-28T11:23:00Z">
        </test-method>
        <test-method status="SKIP" signature="setup_entries_and_raffle()" name="setup_entries_and_raffle" is-config="true" duration-ms="0" started-at="2009-12-28T11:23:00Z" finished-at="2009-12-28T11:23:00Z">
        </test-method>
        <test-method status="SKIP" signature="test_entries_same_size_as_winners_draws_everyone()" name="test_entries_same_size_as_winners_draws_everyone" duration-ms="2" started-at="2009-12-28T11:23:00Z" finished-at="2009-12-28T11:23:00Z">
        </test-method>
        <test-method status="SKIP" signature="setup_entries_and_raffle()" name="setup_entries_and_raffle" is-config="true" duration-ms="0" started-at="2009-12-28T11:23:00Z" finished-at="2009-12-28T11:23:00Z">
        </test-method>
        <test-method status="SKIP" signature="test_entries_smaller_than_winners_draws_everyone()" name="test_entries_smaller_than_winners_draws_everyone" duration-ms="2" started-at="2009-12-28T11:23:00Z" finished-at="2009-12-28T11:23:00Z">
        </test-method>
        <test-method status="SKIP" signature="setup_entries_and_raffle()" name="setup_entries_and_raffle" is-config="true" duration-ms="0" started-at="2009-12-28T11:23:00Z" finished-at="2009-12-28T11:23:00Z">
        </test-method>
        <test-method status="SKIP" signature="test_pick_and_remove_random_entry_should_remove_the_entry()" name="test_pick_and_remove_random_entry_should_remove_the_entry" duration-ms="2" started-at="2009-12-28T11:23:00Z" finished-at="2009-12-28T11:23:00Z">
        </test-method>
        <test-method status="SKIP" signature="setup_entries_and_raffle()" name="setup_entries_and_raffle" is-config="true" duration-ms="0" started-at="2009-12-28T11:23:00Z" finished-at="2009-12-28T11:23:00Z">
        </test-method>
        <test-method status="SKIP" signature="test_pick_winners_draws_a_valid_set()" name="test_pick_winners_draws_a_valid_set" duration-ms="1" started-at="2009-12-28T11:23:00Z" finished-at="2009-12-28T11:23:00Z">
        </test-method>
        <test-method status="SKIP" signature="setup_entries_and_raffle()" name="setup_entries_and_raffle" is-config="true" duration-ms="0" started-at="2009-12-28T11:23:00Z" finished-at="2009-12-28T11:23:00Z">
        </test-method>
        <test-method status="SKIP" signature="test_pick_winners_draws_the_correct_amount()" name="test_pick_winners_draws_the_correct_amount" duration-ms="1" started-at="2009-12-28T11:23:00Z" finished-at="2009-12-28T11:23:00Z">
        </test-method>
      </class>
    </test>
  </suite>
</testng-results>
