<?xml version="1.0" encoding="UTF-8"?>
<testsuite name="com.pillartech.raffle.domain.RaffleTest" failures="0" tests="8" time="0.145" errors="0">
  <properties/>
  <testcase name="@BeforeMethod setup_entries_and_raffle" time="0.0" classname="com.pillartech.raffle.domain.RaffleTest">
    <failure type="java.lang.StackOverflowError">
      <![CDATA[java.lang.StackOverflowError
	at java.util.HashMap$KeyIterator.<init>(HashMap.java:826)
	at java.util.HashMap.newKeyIterator(HashMap.java:840)
	at java.util.HashMap$KeySet.iterator(HashMap.java:874)
	at java.util.HashSet.iterator(HashSet.java:153)
	at java.util.AbstractSet.hashCode(AbstractSet.java:105)
	at org.apache.commons.lang.builder.HashCodeBuilder.append(HashCodeBuilder.java:881)
	at com.pillartech.raffle.domain.Raffle.hashCode(Raffle.java:76)
	at org.apache.commons.lang.builder.HashCodeBuilder.append(HashCodeBuilder.java:881)
	at com.pillartech.raffle.domain.Entry.hashCode(Entry.java:33)
	at java.util.AbstractSet.hashCode(AbstractSet.java:109)
	at org.apache.commons.lang.builder.HashCodeBuilder.append(HashCodeBuilder.java:881)
	at com.pillartech.raffle.domain.Raffle.hashCode(Raffle.java:76)
	at org.apache.commons.lang.builder.HashCodeBuilder.append(HashCodeBuilder.java:881)
	at com.pillartech.raffle.domain.Entry.hashCode(Entry.java:33)
	at java.util.AbstractSet.hashCode(AbstractSet.java:109)
	at org.apache.commons.lang.builder.HashCodeBuilder.append(HashCodeBuilder.java:881)
	at com.pillartech.raffle.domain.Raffle.hashCode(Raffle.java:76)
	at org.apache.commons.lang.builder.HashCodeBuilder.append(HashCodeBuilder.java:881)
	at com.pillartech.raffle.domain.Entry.hashCode(Entry.java:33)
	at java.util.AbstractSet.hashCode(AbstractSet.java:109)
	at org.apache.commons.lang.builder.HashCodeBuilder.append(HashCodeBuilder.java:881)
	at com.pillartech.raffle.domain.Raffle.hashCode(Raffle.java:76)
	at org.apache.commons.lang.builder.HashCodeBuilder.append(HashCodeBuilder.java:881)
	at com.pillartech.raffle.domain.Entry.hashCode(Entry.java:33)
	at java.util.AbstractSet.hashCode(AbstractSet.java:109)
	at org.apache.commons.lang.builder.HashCodeBuilder.append(HashCodeBuilder.java:881)
	at com.pillartech.raffle.domain.Raffle.hashCode(Raffle.java:76)
	at org.apache.commons.lang.builder.HashCodeBuilder.append(HashCodeBuilder.java:881)
	at com.pillartech.raffle.domain.Entry.hashCode(Entry.java:33)
	at java.util.AbstractSet.hashCode(AbstractSet.java:109)
	at org.apache.commons.lang.builder.HashCodeBuilder.append(HashCodeBuilder.java:881)
	at com.pillartech.raffle.domain.Raffle.hashCode(Raffle.java:76)
	at org.apache.commons.lang.builder.HashCodeBuilder.append(HashCodeBuilder.java:881)
	at com.pillartech.raffle.domain.Entry.hashCode(Entry.java:33)
	at java.util.AbstractSet.hashCode(AbstractSet.java:109)
	at org.apache.commons.lang.builder.HashCodeBuilder.append(HashCodeBuilder.java:881)
	at com.pillartech.raffle.domain.Raffle.hashCode(Raffle.java:76)
	at org.apache.commons.lang.builder.HashCodeBuilder.append(HashCodeBuilder.java:881)
	at com.pillartech.raffle.domain.Entry.hashCode(Entry.java:33)
	at java.util.AbstractSet.hashCode(AbstractSet.java:109)
	at org.apache.commons.lang.builder.HashCodeBuilder.append(HashCodeBuilder.java:881)
	at com.pillartech.raffle.domain.Raffle.hashCode(Raffle.java:76)
	at org.apache.commons.lang.builder.HashCodeBuilder.append(HashCodeBuilder.java:881)
	at com.pillartech.raffle.domain.Entry.hashCode(Entry.java:33)
	at java.util.AbstractSet.hashCode(AbstractSet.java:109)
	at org.apache.commons.lang.builder.HashCodeBuilder.append(HashCodeBuilder.java:881)
	at com.pillartech.raffle.domain.Raffle.hashCode(Raffle.java:76)
	at org.apache.commons.lang.builder.HashCodeBuilder.append(HashCodeBuilder.java:881)
	at com.pillartech.raffle.domain.Entry.hashCode(Entry.java:33)
	at java.util.AbstractSet.hashCode(AbstractSet.java:109)
	at org.apache.commons.lang.builder.HashCodeBuilder.append(HashCodeBuilder.java:881)
	at com.pillartech.raffle.domain.Raffle.hashCode(Raffle.java:76)
	at org.apache.commons.lang.builder.HashCodeBuilder.append(HashCodeBuilder.java:881)
	at com.pillartech.raffle.domain.Entry.hashCode(Entry.java:33)
	at java.util.AbstractSet.hashCode(AbstractSet.java:109)
	at org.apache.commons.lang.builder.HashCodeBuilder.append(HashCodeBuilder.java:881)
	at com.pillartech.raffle.domain.Raffle.hashCode(Raffle.java:76)
	at org.apache.commons.lang.builder.HashCodeBuilder.append(HashCodeBuilder.java:881)
	at com.pillartech.raffle.domain.Entry.hashCode(Entry.java:33)
	at java.util.AbstractSet.hashCode(AbstractSet.java:109)
	at org.apache.commons.lang.builder.HashCodeBuilder.append(HashCodeBuilder.java:881)
	at com.pillartech.raffle.domain.Raffle.hashCode(Raffle.java:76)
	at org.apache.commons.lang.builder.HashCodeBuilder.append(HashCodeBuilder.java:881)
	at com.pillartech.raffle.domain.Entry.hashCode(Entry.java:33)
	at java.util.AbstractSet.hashCode(AbstractSet.java:109)
	at org.apache.commons.lang.builder.HashCodeBuilder.append(HashCodeBuilder.java:881)
	at com.pillartech.raffle.domain.Raffle.hashCode(Raffle.java:76)
	at org.apache.commons.lang.builder.HashCodeBuilder.append(HashCodeBuilder.java:881)
	at com.pillartech.raffle.domain.Entry.hashCode(Entry.java:33)
	at java.util.AbstractSet.hashCode(AbstractSet.java:109)
	at org.apache.commons.lang.builder.HashCodeBuilder.append(HashCodeBuilder.java:881)
	at com.pillartech.raffle.domain.Raffle.hashCode(Raffle.java:76)
	at org.apache.commons.lang.builder.HashCodeBuilder.append(HashCodeBuilder.java:881)
	at com.pillartech.raffle.domain.Entry.hashCode(Entry.java:33)
	at java.util.AbstractSet.hashCode(AbstractSet.java:109)
	at org.apache.commons.lang.builder.HashCodeBuilder.append(HashCodeBuilder.java:881)
	at com.pillartech.raffle.domain.Raffle.hashCode(Raffle.java:76)
	at org.apache.commons.lang.builder.HashCodeBuilder.append(HashCodeBuilder.java:881)
	at com.pillartech.raffle.domain.Entry.hashCode(Entry.java:33)
	at java.util.AbstractSet.hashCode(AbstractSet.java:109)
	at org.apache.commons.lang.builder.HashCodeBuilder.append(HashCodeBuilder.java:881)
	at com.pillartech.raffle.domain.Raffle.hashCode(Raffle.java:76)
	at org.apache.commons.lang.builder.HashCodeBuilder.append(HashCodeBuilder.java:881)
	at com.pillartech.raffle.domain.Entry.hashCode(Entry.java:33)
	at java.util.AbstractSet.hashCode(AbstractSet.java:109)
	at org.apache.commons.lang.builder.HashCodeBuilder.append(HashCodeBuilder.java:881)
	at com.pillartech.raffle.domain.Raffle.hashCode(Raffle.java:76)
	at org.apache.commons.lang.builder.HashCodeBuilder.append(HashCodeBuilder.java:881)
	at com.pillartech.raffle.domain.Entry.hashCode(Entry.java:33)
	at java.util.AbstractSet.hashCode(AbstractSet.java:109)
	at org.apache.commons.lang.builder.HashCodeBuilder.append(HashCodeBuilder.java:881)
	at com.pillartech.raffle.domain.Raffle.hashCode(Raffle.java:76)
	at org.apache.commons.lang.builder.HashCodeBuilder.append(HashCodeBuilder.java:881)
	at com.pillartech.raffle.domain.Entry.hashCode(Entry.java:33)
	at java.util.AbstractSet.hashCode(AbstractSet.java:109)
	at org.apache.commons.lang.builder.HashCodeBuilder.append(HashCodeBuilder.java:881)
	at com.pillartech.raffle.domain.Raffle.hashCode(Raffle.java:76)
	at org.apache.commons.lang.builder.HashCodeBuilder.append(HashCodeBuilder.java:881)
	at com.pillartech.raffle.domain.Entry.hashCode(Entry.java:33)
	at java.util.AbstractSet.hashCode(AbstractSet.java:109)
	at org.apache.commons.lang.builder.HashCodeBuilder.append(HashCodeBuilder.java:881)
	at com.pillartech.raffle.domain.Raffle.hashCode(Raffle.java:76)
	at org.apache.commons.lang.builder.HashCodeBuilder.append(HashCodeBuilder.java:881)
	at com.pillartech.raffle.domain.Entry.hashCode(Entry.java:33)
	at java.util.AbstractSet.hashCode(AbstractSet.java:109)
	at org.apache.commons.lang.builder.HashCodeBuilder.append(HashCodeBuilder.java:881)
	at com.pillartech.raffle.domain.Raffle.hashCode(Raffle.java:76)
	at org.apache.commons.lang.builder.HashCodeBuilder.append(HashCodeBuilder.java:881)
	at com.pillartech.raffle.domain.Entry.hashCode(Entry.java:33)
	at java.util.AbstractSet.hashCode(AbstractSet.java:109)
	at org.apache.commons.lang.builder.HashCodeBuilder.append(HashCodeBuilder.java:881)
	at com.pillartech.raffle.domain.Raffle.hashCode(Raffle.java:76)
	at org.apache.commons.lang.builder.HashCodeBuilder.append(HashCodeBuilder.java:881)
	at com.pillartech.raffle.domain.Entry.hashCode(Entry.java:33)
	at java.util.AbstractSet.hashCode(AbstractSet.java:109)
	at org.apache.commons.lang.builder.HashCodeBuilder.append(HashCodeBuilder.java:881)
	at com.pillartech.raffle.domain.Raffle.hashCode(Raffle.java:76)
	at org.apache.commons.lang.builder.HashCodeBuilder.append(HashCodeBuilder.java:881)
	at com.pillartech.raffle.domain.Entry.hashCode(Entry.java:33)
	at java.util.AbstractSet.hashCode(AbstractSet.java:109)
	at org.apache.commons.lang.builder.HashCodeBuilder.append(HashCodeBuilder.java:881)
	at com.pillartech.raffle.domain.Raffle.hashCode(Raffle.java:76)
	at org.apache.commons.lang.builder.HashCodeBuilder.append(HashCodeBuilder.java:881)
	at com.pillartech.raffle.domain.Entry.hashCode(Entry.java:33)
	at java.util.AbstractSet.hashCode(AbstractSet.java:109)
	at org.apache.commons.lang.builder.HashCodeBuilder.append(HashCodeBuilder.java:881)
	at com.pillartech.raffle.domain.Raffle.hashCode(Raffle.java:76)
	at org.apache.commons.lang.builder.HashCodeBuilder.append(HashCodeBuilder.java:881)
	at com.pillartech.raffle.domain.Entry.hashCode(Entry.java:33)
	at java.util.AbstractSet.hashCode(AbstractSet.java:109)
	at org.apache.commons.lang.builder.HashCodeBuilder.append(HashCodeBuilder.java:881)
	at com.pillartech.raffle.domain.Raffle.hashCode(Raffle.java:76)
	at org.apache.commons.lang.builder.HashCodeBuilder.append(HashCodeBuilder.java:881)
	at com.pillartech.raffle.domain.Entry.hashCode(Entry.java:33)
	at java.util.AbstractSet.hashCode(AbstractSet.java:109)
	at org.apache.commons.lang.builder.HashCodeBuilder.append(HashCodeBuilder.java:881)
	at com.pillartech.raffle.domain.Raffle.hashCode(Raffle.java:76)
	at org.apache.commons.lang.builder.HashCodeBuilder.append(HashCodeBuilder.java:881)
	at com.pillartech.raffle.domain.Entry.hashCode(Entry.java:33)
	at java.util.AbstractSet.hashCode(AbstractSet.java:109)
	at org.apache.commons.lang.builder.HashCodeBuilder.append(HashCodeBuilder.java:881)
	at com.pillartech.raffle.domain.Raffle.hashCode(Raffle.java:76)
	at org.apache.commons.lang.builder.HashCodeBuilder.append(HashCodeBuilder.java:881)
	at com.pillartech.raffle.domain.Entry.hashCode(Entry.java:33)
	at java.util.AbstractSet.hashCode(AbstractSet.java:109)
	at org.apache.commons.lang.builder.HashCodeBuilder.append(HashCodeBuilder.java:881)
	at com.pillartech.raffle.domain.Raffle.hashCode(Raffle.java:76)
	at org.apache.commons.lang.builder.HashCodeBuilder.append(HashCodeBuilder.java:881)
	at com.pillartech.raffle.domain.Entry.hashCode(Entry.java:33)
	at java.util.AbstractSet.hashCode(AbstractSet.java:109)
	at org.apache.commons.lang.builder.HashCodeBuilder.append(HashCodeBuilder.java:881)
	at com.pillartech.raffle.domain.Raffle.hashCode(Raffle.java:76)
	at org.apache.commons.lang.builder.HashCodeBuilder.append(HashCodeBuilder.java:881)
	at com.pillartech.raffle.domain.Entry.hashCode(Entry.java:33)
	at java.util.AbstractSet.hashCode(AbstractSet.java:109)
	at org.apache.commons.lang.builder.HashCodeBuilder.append(HashCodeBuilder.java:881)
	at com.pillartech.raffle.domain.Raffle.hashCode(Raffle.java:76)
	at org.apache.commons.lang.builder.HashCodeBuilder.append(HashCodeBuilder.java:881)
	at com.pillartech.raffle.domain.Entry.hashCode(Entry.java:33)
	at java.util.AbstractSet.hashCode(AbstractSet.java:109)
	at org.apache.commons.lang.builder.HashCodeBuilder.append(HashCodeBuilder.java:881)
	at com.pillartech.raffle.domain.Raffle.hashCode(Raffle.java:76)
	at org.apache.commons.lang.builder.HashCodeBuilder.append(HashCodeBuilder.java:881)
	at com.pillartech.raffle.domain.Entry.hashCode(Entry.java:33)
	at java.util.AbstractSet.hashCode(AbstractSet.java:109)
	at org.apache.commons.lang.builder.HashCodeBuilder.append(HashCodeBuilder.java:881)
	at com.pillartech.raffle.domain.Raffle.hashCode(Raffle.java:76)
	at org.apache.commons.lang.builder.HashCodeBuilder.append(HashCodeBuilder.java:881)
	at com.pillartech.raffle.domain.Entry.hashCode(Entry.java:33)
	at java.util.AbstractSet.hashCode(AbstractSet.java:109)
	at org.apache.commons.lang.builder.HashCodeBuilder.append(HashCodeBuilder.java:881)
	at com.pillartech.raffle.domain.Raffle.hashCode(Raffle.java:76)
	at org.apache.commons.lang.builder.HashCodeBuilder.append(HashCodeBuilder.java:881)
	at com.pillartech.raffle.domain.Entry.hashCode(Entry.java:33)
	at java.util.AbstractSet.hashCode(AbstractSet.java:109)
	at org.apache.commons.lang.builder.HashCodeBuilder.append(HashCodeBuilder.java:881)
	at com.pillartech.raffle.domain.Raffle.hashCode(Raffle.java:76)
	at org.apache.commons.lang.builder.HashCodeBuilder.append(HashCodeBuilder.java:881)
	at com.pillartech.raffle.domain.Entry.hashCode(Entry.java:33)
	at java.util.AbstractSet.hashCode(AbstractSet.java:109)
	at org.apache.commons.lang.builder.HashCodeBuilder.append(HashCodeBuilder.java:881)
	at com.pillartech.raffle.domain.Raffle.hashCode(Raffle.java:76)
	at org.apache.commons.lang.builder.HashCodeBuilder.append(HashCodeBuilder.java:881)
	at com.pillartech.raffle.domain.Entry.hashCode(Entry.java:33)
	at java.util.AbstractSet.hashCode(AbstractSet.java:109)
	at org.apache.commons.lang.builder.HashCodeBuilder.append(HashCodeBuilder.java:881)
	at com.pillartech.raffle.domain.Raffle.hashCode(Raffle.java:76)
	at org.apache.commons.lang.builder.HashCodeBuilder.append(HashCodeBuilder.java:881)
	at com.pillartech.raffle.domain.Entry.hashCode(Entry.java:33)
	at java.util.AbstractSet.hashCode(AbstractSet.java:109)
	at org.apache.commons.lang.builder.HashCodeBuilder.append(HashCodeBuilder.java:881)
	at com.pillartech.raffle.domain.Raffle.hashCode(Raffle.java:76)
	at org.apache.commons.lang.builder.HashCodeBuilder.append(HashCodeBuilder.java:881)
	at com.pillartech.raffle.domain.Entry.hashCode(Entry.java:33)
	at java.util.AbstractSet.hashCode(AbstractSet.java:109)
	at org.apache.commons.lang.builder.HashCodeBuilder.append(HashCodeBuilder.java:881)
	at com.pillartech.raffle.domain.Raffle.hashCode(Raffle.java:76)
	at org.apache.commons.lang.builder.HashCodeBuilder.append(HashCodeBuilder.java:881)
	at com.pillartech.raffle.domain.Entry.hashCode(Entry.java:33)
	at java.util.AbstractSet.hashCode(AbstractSet.java:109)
	at org.apache.commons.lang.builder.HashCodeBuilder.append(HashCodeBuilder.java:881)
	at com.pillartech.raffle.domain.Raffle.hashCode(Raffle.java:76)
	at org.apache.commons.lang.builder.HashCodeBuilder.append(HashCodeBuilder.java:881)
	at com.pillartech.raffle.domain.Entry.hashCode(Entry.java:33)
	at java.util.AbstractSet.hashCode(AbstractSet.java:109)
	at org.apache.commons.lang.builder.HashCodeBuilder.append(HashCodeBuilder.java:881)
	at com.pillartech.raffle.domain.Raffle.hashCode(Raffle.java:76)
	at org.apache.commons.lang.builder.HashCodeBuilder.append(HashCodeBuilder.java:881)
	at com.pillartech.raffle.domain.Entry.hashCode(Entry.java:33)
	at java.util.AbstractSet.hashCode(AbstractSet.java:109)
	at org.apache.commons.lang.builder.HashCodeBuilder.append(HashCodeBuilder.java:881)
	at com.pillartech.raffle.domain.Raffle.hashCode(Raffle.java:76)
	at org.apache.commons.lang.builder.HashCodeBuilder.append(HashCodeBuilder.java:881)
	at com.pillartech.raffle.domain.Entry.hashCode(Entry.java:33)
	at java.util.AbstractSet.hashCode(AbstractSet.java:109)
	at org.apache.commons.lang.builder.HashCodeBuilder.append(HashCodeBuilder.java:881)
	at com.pillartech.raffle.domain.Raffle.hashCode(Raffle.java:76)
	at org.apache.commons.lang.builder.HashCodeBuilder.append(HashCodeBuilder.java:881)
	at com.pillartech.raffle.domain.Entry.hashCode(Entry.java:33)
	at java.util.AbstractSet.hashCode(AbstractSet.java:109)
	at org.apache.commons.lang.builder.HashCodeBuilder.append(HashCodeBuilder.java:881)
	at com.pillartech.raffle.domain.Raffle.hashCode(Raffle.java:76)
	at org.apache.commons.lang.builder.HashCodeBuilder.append(HashCodeBuilder.java:881)
	at com.pillartech.raffle.domain.Entry.hashCode(Entry.java:33)
	at java.util.AbstractSet.hashCode(AbstractSet.java:109)
	at org.apache.commons.lang.builder.HashCodeBuilder.append(HashCodeBuilder.java:881)
	at com.pillartech.raffle.domain.Raffle.hashCode(Raffle.java:76)
	at org.apache.commons.lang.builder.HashCodeBuilder.append(HashCodeBuilder.java:881)
	at com.pillartech.raffle.domain.Entry.hashCode(Entry.java:33)
	at java.util.AbstractSet.hashCode(AbstractSet.java:109)
	at org.apache.commons.lang.builder.HashCodeBuilder.append(HashCodeBuilder.java:881)
	at com.pillartech.raffle.domain.Raffle.hashCode(Raffle.java:76)
	at org.apache.commons.lang.builder.HashCodeBuilder.append(HashCodeBuilder.java:881)
	at com.pillartech.raffle.domain.Entry.hashCode(Entry.java:33)
	at java.util.AbstractSet.hashCode(AbstractSet.java:109)
	at org.apache.commons.lang.builder.HashCodeBuilder.append(HashCodeBuilder.java:881)
	at com.pillartech.raffle.domain.Raffle.hashCode(Raffle.java:76)
	at org.apache.commons.lang.builder.HashCodeBuilder.append(HashCodeBuilder.java:881)
	at com.pillartech.raffle.domain.Entry.hashCode(Entry.java:33)
	at java.util.AbstractSet.hashCode(AbstractSet.java:109)
	at org.apache.commons.lang.builder.HashCodeBuilder.append(HashCodeBuilder.java:881)
	at com.pillartech.raffle.domain.Raffle.hashCode(Raffle.java:76)
	at org.apache.commons.lang.builder.HashCodeBuilder.append(HashCodeBuilder.java:881)
	at com.pillartech.raffle.domain.Entry.hashCode(Entry.java:33)
	at java.util.AbstractSet.hashCode(AbstractSet.java:109)
	at org.apache.commons.lang.builder.HashCodeBuilder.append(HashCodeBuilder.java:881)
	at com.pillartech.raffle.domain.Raffle.hashCode(Raffle.java:76)
	at org.apache.commons.lang.builder.HashCodeBuilder.append(HashCodeBuilder.java:881)
	at com.pillartech.raffle.domain.Entry.hashCode(Entry.java:33)
	at java.util.AbstractSet.hashCode(AbstractSet.java:109)
	at org.apache.commons.lang.builder.HashCodeBuilder.append(HashCodeBuilder.java:881)
	at com.pillartech.raffle.domain.Raffle.hashCode(Raffle.java:76)
	at org.apache.commons.lang.builder.HashCodeBuilder.append(HashCodeBuilder.java:881)
	at com.pillartech.raffle.domain.Entry.hashCode(Entry.java:33)
	at java.util.AbstractSet.hashCode(AbstractSet.java:109)
	at org.apache.commons.lang.builder.HashCodeBuilder.append(HashCodeBuilder.java:881)
	at com.pillartech.raffle.domain.Raffle.hashCode(Raffle.java:76)
	at org.apache.commons.lang.builder.HashCodeBuilder.append(HashCodeBuilder.java:881)
	at com.pillartech.raffle.domain.Entry.hashCode(Entry.java:33)
	at java.util.AbstractSet.hashCode(AbstractSet.java:109)
	at org.apache.commons.lang.builder.HashCodeBuilder.append(HashCodeBuilder.java:881)
	at com.pillartech.raffle.domain.Raffle.hashCode(Raffle.java:76)
	at org.apache.commons.lang.builder.HashCodeBuilder.append(HashCodeBuilder.java:881)
	at com.pillartech.raffle.domain.Entry.hashCode(Entry.java:33)
	at java.util.AbstractSet.hashCode(AbstractSet.java:109)
	at org.apache.commons.lang.builder.HashCodeBuilder.append(HashCodeBuilder.java:881)
	at com.pillartech.raffle.domain.Raffle.hashCode(Raffle.java:76)
	at org.apache.commons.lang.builder.HashCodeBuilder.append(HashCodeBuilder.java:881)
	at com.pillartech.raffle.domain.Entry.hashCode(Entry.java:33)
	at java.util.AbstractSet.hashCode(AbstractSet.java:109)
	at org.apache.commons.lang.builder.HashCodeBuilder.append(HashCodeBuilder.java:881)
	at com.pillartech.raffle.domain.Raffle.hashCode(Raffle.java:76)
	at org.apache.commons.lang.builder.HashCodeBuilder.append(HashCodeBuilder.java:881)
	at com.pillartech.raffle.domain.Entry.hashCode(Entry.java:33)
	at java.util.AbstractSet.hashCode(AbstractSet.java:109)
	at org.apache.commons.lang.builder.HashCodeBuilder.append(HashCodeBuilder.java:881)
	at com.pillartech.raffle.domain.Raffle.hashCode(Raffle.java:76)
	at org.apache.commons.lang.builder.HashCodeBuilder.append(HashCodeBuilder.java:881)
	at com.pillartech.raffle.domain.Entry.hashCode(Entry.java:33)
	at java.util.AbstractSet.hashCode(AbstractSet.java:109)
	at org.apache.commons.lang.builder.HashCodeBuilder.append(HashCodeBuilder.java:881)
	at com.pillartech.raffle.domain.Raffle.hashCode(Raffle.java:76)
	at org.apache.commons.lang.builder.HashCodeBuilder.append(HashCodeBuilder.java:881)
	at com.pillartech.raffle.domain.Entry.hashCode(Entry.java:33)
	at java.util.AbstractSet.hashCode(AbstractSet.java:109)
	at org.apache.commons.lang.builder.HashCodeBuilder.append(HashCodeBuilder.java:881)
	at com.pillartech.raffle.domain.Raffle.hashCode(Raffle.java:76)
	at org.apache.commons.lang.builder.HashCodeBuilder.append(HashCodeBuilder.java:881)
	at com.pillartech.raffle.domain.Entry.hashCode(Entry.java:33)
	at java.util.AbstractSet.hashCode(AbstractSet.java:109)
	at org.apache.commons.lang.builder.HashCodeBuilder.append(HashCodeBuilder.java:881)
	at com.pillartech.raffle.domain.Raffle.hashCode(Raffle.java:76)
	at org.apache.commons.lang.builder.HashCodeBuilder.append(HashCodeBuilder.java:881)
	at com.pillartech.raffle.domain.Entry.hashCode(Entry.java:33)
	at java.util.AbstractSet.hashCode(AbstractSet.java:109)
	at org.apache.commons.lang.builder.HashCodeBuilder.append(HashCodeBuilder.java:881)
	at com.pillartech.raffle.domain.Raffle.hashCode(Raffle.java:76)
	at org.apache.commons.lang.builder.HashCodeBuilder.append(HashCodeBuilder.java:881)
	at com.pillartech.raffle.domain.Entry.hashCode(Entry.java:33)
	at java.util.AbstractSet.hashCode(AbstractSet.java:109)
	at org.apache.commons.lang.builder.HashCodeBuilder.append(HashCodeBuilder.java:881)
	at com.pillartech.raffle.domain.Raffle.hashCode(Raffle.java:76)
	at org.apache.commons.lang.builder.HashCodeBuilder.append(HashCodeBuilder.java:881)
	at com.pillartech.raffle.domain.Entry.hashCode(Entry.java:33)
	at java.util.AbstractSet.hashCode(AbstractSet.java:109)
	at org.apache.commons.lang.builder.HashCodeBuilder.append(HashCodeBuilder.java:881)
	at com.pillartech.raffle.domain.Raffle.hashCode(Raffle.java:76)
	at org.apache.commons.lang.builder.HashCodeBuilder.append(HashCodeBuilder.java:881)
	at com.pillartech.raffle.domain.Entry.hashCode(Entry.java:33)
	at java.util.AbstractSet.hashCode(AbstractSet.java:109)
	at org.apache.commons.lang.builder.HashCodeBuilder.append(HashCodeBuilder.java:881)
	at com.pillartech.raffle.domain.Raffle.hashCode(Raffle.java:76)
	at org.apache.commons.lang.builder.HashCodeBuilder.append(HashCodeBuilder.java:881)
	at com.pillartech.raffle.domain.Entry.hashCode(Entry.java:33)
	at java.util.AbstractSet.hashCode(AbstractSet.java:109)
	at org.apache.commons.lang.builder.HashCodeBuilder.append(HashCodeBuilder.java:881)
	at com.pillartech.raffle.domain.Raffle.hashCode(Raffle.java:76)
	at org.apache.commons.lang.builder.HashCodeBuilder.append(HashCodeBuilder.java:881)
	at com.pillartech.raffle.domain.Entry.hashCode(Entry.java:33)
	at java.util.AbstractSet.hashCode(AbstractSet.java:109)
	at org.apache.commons.lang.builder.HashCodeBuilder.append(HashCodeBuilder.java:881)
	at com.pillartech.raffle.domain.Raffle.hashCode(Raffle.java:76)
	at org.apache.commons.lang.builder.HashCodeBuilder.append(HashCodeBuilder.java:881)
	at com.pillartech.raffle.domain.Entry.hashCode(Entry.java:33)
	at java.util.AbstractSet.hashCode(AbstractSet.java:109)
	at org.apache.commons.lang.builder.HashCodeBuilder.append(HashCodeBuilder.java:881)
	at com.pillartech.raffle.domain.Raffle.hashCode(Raffle.java:76)
	at org.apache.commons.lang.builder.HashCodeBuilder.append(HashCodeBuilder.java:881)
	at com.pillartech.raffle.domain.Entry.hashCode(Entry.java:33)
	at java.util.AbstractSet.hashCode(AbstractSet.java:109)
	at org.apache.commons.lang.builder.HashCodeBuilder.append(HashCodeBuilder.java:881)
	at com.pillartech.raffle.domain.Raffle.hashCode(Raffle.java:76)
	at org.apache.commons.lang.builder.HashCodeBuilder.append(HashCodeBuilder.java:881)
	at com.pillartech.raffle.domain.Entry.hashCode(Entry.java:33)
	at java.util.AbstractSet.hashCode(AbstractSet.java:109)
	at org.apache.commons.lang.builder.HashCodeBuilder.append(HashCodeBuilder.java:881)
	at com.pillartech.raffle.domain.Raffle.hashCode(Raffle.java:76)
	at org.apache.commons.lang.builder.HashCodeBuilder.append(HashCodeBuilder.java:881)
	at com.pillartech.raffle.domain.Entry.hashCode(Entry.java:33)
	at java.util.AbstractSet.hashCode(AbstractSet.java:109)
	at org.apache.commons.lang.builder.HashCodeBuilder.append(HashCodeBuilder.java:881)
	at com.pillartech.raffle.domain.Raffle.hashCode(Raffle.java:76)
	at org.apache.commons.lang.builder.HashCodeBuilder.append(HashCodeBuilder.java:881)
	at com.pillartech.raffle.domain.Entry.hashCode(Entry.java:33)
	at java.util.AbstractSet.hashCode(AbstractSet.java:109)
	at org.apache.commons.lang.builder.HashCodeBuilder.append(HashCodeBuilder.java:881)
	at com.pillartech.raffle.domain.Raffle.hashCode(Raffle.java:76)
	at org.apache.commons.lang.builder.HashCodeBuilder.append(HashCodeBuilder.java:881)
	at com.pillartech.raffle.domain.Entry.hashCode(Entry.java:33)
	at java.util.AbstractSet.hashCode(AbstractSet.java:109)
	at org.apache.commons.lang.builder.HashCodeBuilder.append(HashCodeBuilder.java:881)
	at com.pillartech.raffle.domain.Raffle.hashCode(Raffle.java:76)
	at org.apache.commons.lang.builder.HashCodeBuilder.append(HashCodeBuilder.java:881)
	at com.pillartech.raffle.domain.Entry.hashCode(Entry.java:33)
	at java.util.AbstractSet.hashCode(AbstractSet.java:109)
	at org.apache.commons.lang.builder.HashCodeBuilder.append(HashCodeBuilder.java:881)
	at com.pillartech.raffle.domain.Raffle.hashCode(Raffle.java:76)
	at org.apache.commons.lang.builder.HashCodeBuilder.append(HashCodeBuilder.java:881)
	at com.pillartech.raffle.domain.Entry.hashCode(Entry.java:33)
	at java.util.AbstractSet.hashCode(AbstractSet.java:109)
	at org.apache.commons.lang.builder.HashCodeBuilder.append(HashCodeBuilder.java:881)
	at com.pillartech.raffle.domain.Raffle.hashCode(Raffle.java:76)
	at org.apache.commons.lang.builder.HashCodeBuilder.append(HashCodeBuilder.java:881)
	at com.pillartech.raffle.domain.Entry.hashCode(Entry.java:33)
	at java.util.AbstractSet.hashCode(AbstractSet.java:109)
	at org.apache.commons.lang.builder.HashCodeBuilder.append(HashCodeBuilder.java:881)
	at com.pillartech.raffle.domain.Raffle.hashCode(Raffle.java:76)
	at org.apache.commons.lang.builder.HashCodeBuilder.append(HashCodeBuilder.java:881)
	at com.pillartech.raffle.domain.Entry.hashCode(Entry.java:33)
	at java.util.AbstractSet.hashCode(AbstractSet.java:109)
	at org.apache.commons.lang.builder.HashCodeBuilder.append(HashCodeBuilder.java:881)
	at com.pillartech.raffle.domain.Raffle.hashCode(Raffle.java:76)
	at org.apache.commons.lang.builder.HashCodeBuilder.append(HashCodeBuilder.java:881)
	at com.pillartech.raffle.domain.Entry.hashCode(Entry.java:33)
	at java.util.AbstractSet.hashCode(AbstractSet.java:109)
	at org.apache.commons.lang.builder.HashCodeBuilder.append(HashCodeBuilder.java:881)
	at com.pillartech.raffle.domain.Raffle.hashCode(Raffle.java:76)
	at org.apache.commons.lang.builder.HashCodeBuilder.append(HashCodeBuilder.java:881)
	at com.pillartech.raffle.domain.Entry.hashCode(Entry.java:33)
	at java.util.AbstractSet.hashCode(AbstractSet.java:109)
	at org.apache.commons.lang.builder.HashCodeBuilder.append(HashCodeBuilder.java:881)
	at com.pillartech.raffle.domain.Raffle.hashCode(Raffle.java:76)
	at org.apache.commons.lang.builder.HashCodeBuilder.append(HashCodeBuilder.java:881)
	at com.pillartech.raffle.domain.Entry.hashCode(Entry.java:33)
	at java.util.AbstractSet.hashCode(AbstractSet.java:109)
	at org.apache.commons.lang.builder.HashCodeBuilder.append(HashCodeBuilder.java:881)
	at com.pillartech.raffle.domain.Raffle.hashCode(Raffle.java:76)
	at org.apache.commons.lang.builder.HashCodeBuilder.append(HashCodeBuilder.java:881)
	at com.pillartech.raffle.domain.Entry.hashCode(Entry.java:33)
	at java.util.AbstractSet.hashCode(AbstractSet.java:109)
	at org.apache.commons.lang.builder.HashCodeBuilder.append(HashCodeBuilder.java:881)
	at com.pillartech.raffle.domain.Raffle.hashCode(Raffle.java:76)
	at org.apache.commons.lang.builder.HashCodeBuilder.append(HashCodeBuilder.java:881)
	at com.pillartech.raffle.domain.Entry.hashCode(Entry.java:33)
	at java.util.AbstractSet.hashCode(AbstractSet.java:109)
	at org.apache.commons.lang.builder.HashCodeBuilder.append(HashCodeBuilder.java:881)
	at com.pillartech.raffle.domain.Raffle.hashCode(Raffle.java:76)
	at org.apache.commons.lang.builder.HashCodeBuilder.append(HashCodeBuilder.java:881)
	at com.pillartech.raffle.domain.Entry.hashCode(Entry.java:33)
	at java.util.AbstractSet.hashCode(AbstractSet.java:109)
	at org.apache.commons.lang.builder.HashCodeBuilder.append(HashCodeBuilder.java:881)
	at com.pillartech.raffle.domain.Raffle.hashCode(Raffle.java:76)
	at org.apache.commons.lang.builder.HashCodeBuilder.append(HashCodeBuilder.java:881)
	at com.pillartech.raffle.domain.Entry.hashCode(Entry.java:33)
	at java.util.AbstractSet.hashCode(AbstractSet.java:109)
	at org.apache.commons.lang.builder.HashCodeBuilder.append(HashCodeBuilder.java:881)
	at com.pillartech.raffle.domain.Raffle.hashCode(Raffle.java:76)
	at org.apache.commons.lang.builder.HashCodeBuilder.append(HashCodeBuilder.java:881)
	at com.pillartech.raffle.domain.Entry.hashCode(Entry.java:33)
	at java.util.AbstractSet.hashCode(AbstractSet.java:109)
	at org.apache.commons.lang.builder.HashCodeBuilder.append(HashCodeBuilder.java:881)
	at com.pillartech.raffle.domain.Raffle.hashCode(Raffle.java:76)
	at org.apache.commons.lang.builder.HashCodeBuilder.append(HashCodeBuilder.java:881)
	at com.pillartech.raffle.domain.Entry.hashCode(Entry.java:33)
	at java.util.AbstractSet.hashCode(AbstractSet.java:109)
	at org.apache.commons.lang.builder.HashCodeBuilder.append(HashCodeBuilder.java:881)
	at com.pillartech.raffle.domain.Raffle.hashCode(Raffle.java:76)
	at org.apache.commons.lang.builder.HashCodeBuilder.append(HashCodeBuilder.java:881)
	at com.pillartech.raffle.domain.Entry.hashCode(Entry.java:33)
	at java.util.AbstractSet.hashCode(AbstractSet.java:109)
	at org.apache.commons.lang.builder.HashCodeBuilder.append(HashCodeBuilder.java:881)
	at com.pillartech.raffle.domain.Raffle.hashCode(Raffle.java:76)
	at org.apache.commons.lang.builder.HashCodeBuilder.append(HashCodeBuilder.java:881)
	at com.pillartech.raffle.domain.Entry.hashCode(Entry.java:33)
	at java.util.AbstractSet.hashCode(AbstractSet.java:109)
	at org.apache.commons.lang.builder.HashCodeBuilder.append(HashCodeBuilder.java:881)
	at com.pillartech.raffle.domain.Raffle.hashCode(Raffle.java:76)
	at org.apache.commons.lang.builder.HashCodeBuilder.append(HashCodeBuilder.java:881)
	at com.pillartech.raffle.domain.Entry.hashCode(Entry.java:33)
	at java.util.AbstractSet.hashCode(AbstractSet.java:109)
	at org.apache.commons.lang.builder.HashCodeBuilder.append(HashCodeBuilder.java:881)
	at com.pillartech.raffle.domain.Raffle.hashCode(Raffle.java:76)
	at org.apache.commons.lang.builder.HashCodeBuilder.append(HashCodeBuilder.java:881)
	at com.pillartech.raffle.domain.Entry.hashCode(Entry.java:33)
	at java.util.AbstractSet.hashCode(AbstractSet.java:109)
	at org.apache.commons.lang.builder.HashCodeBuilder.append(HashCodeBuilder.java:881)
	at com.pillartech.raffle.domain.Raffle.hashCode(Raffle.java:76)
	at org.apache.commons.lang.builder.HashCodeBuilder.append(HashCodeBuilder.java:881)
	at com.pillartech.raffle.domain.Entry.hashCode(Entry.java:33)
	at java.util.AbstractSet.hashCode(AbstractSet.java:109)
	at org.apache.commons.lang.builder.HashCodeBuilder.append(HashCodeBuilder.java:881)
	at com.pillartech.raffle.domain.Raffle.hashCode(Raffle.java:76)
	at org.apache.commons.lang.builder.HashCodeBuilder.append(HashCodeBuilder.java:881)
	at com.pillartech.raffle.domain.Entry.hashCode(Entry.java:33)
	at java.util.AbstractSet.hashCode(AbstractSet.java:109)
	at org.apache.commons.lang.builder.HashCodeBuilder.append(HashCodeBuilder.java:881)
	at com.pillartech.raffle.domain.Raffle.hashCode(Raffle.java:76)
	at org.apache.commons.lang.builder.HashCodeBuilder.append(HashCodeBuilder.java:881)
	at com.pillartech.raffle.domain.Entry.hashCode(Entry.java:33)
	at java.util.AbstractSet.hashCode(AbstractSet.java:109)
	at org.apache.commons.lang.builder.HashCodeBuilder.append(HashCodeBuilder.java:881)
	at com.pillartech.raffle.domain.Raffle.hashCode(Raffle.java:76)
	at org.apache.commons.lang.builder.HashCodeBuilder.append(HashCodeBuilder.java:881)
	at com.pillartech.raffle.domain.Entry.hashCode(Entry.java:33)
	at java.util.AbstractSet.hashCode(AbstractSet.java:109)
	at org.apache.commons.lang.builder.HashCodeBuilder.append(HashCodeBuilder.java:881)
	at com.pillartech.raffle.domain.Raffle.hashCode(Raffle.java:76)
	at org.apache.commons.lang.builder.HashCodeBuilder.append(HashCodeBuilder.java:881)
	at com.pillartech.raffle.domain.Entry.hashCode(Entry.java:33)
	at java.util.AbstractSet.hashCode(AbstractSet.java:109)
	at org.apache.commons.lang.builder.HashCodeBuilder.append(HashCodeBuilder.java:881)
	at com.pillartech.raffle.domain.Raffle.hashCode(Raffle.java:76)
	at org.apache.commons.lang.builder.HashCodeBuilder.append(HashCodeBuilder.java:881)
	at com.pillartech.raffle.domain.Entry.hashCode(Entry.java:33)
	at java.util.AbstractSet.hashCode(AbstractSet.java:109)
	at org.apache.commons.lang.builder.HashCodeBuilder.append(HashCodeBuilder.java:881)
	at com.pillartech.raffle.domain.Raffle.hashCode(Raffle.java:76)
	at org.apache.commons.lang.builder.HashCodeBuilder.append(HashCodeBuilder.java:881)
	at com.pillartech.raffle.domain.Entry.hashCode(Entry.java:33)
	at java.util.AbstractSet.hashCode(AbstractSet.java:109)
	at org.apache.commons.lang.builder.HashCodeBuilder.append(HashCodeBuilder.java:881)
	at com.pillartech.raffle.domain.Raffle.hashCode(Raffle.java:76)
	at org.apache.commons.lang.builder.HashCodeBuilder.append(HashCodeBuilder.java:881)
	at com.pillartech.raffle.domain.Entry.hashCode(Entry.java:33)
	at java.util.AbstractSet.hashCode(AbstractSet.java:109)
	at org.apache.commons.lang.builder.HashCodeBuilder.append(HashCodeBuilder.java:881)
	at com.pillartech.raffle.domain.Raffle.hashCode(Raffle.java:76)
	at org.apache.commons.lang.builder.HashCodeBuilder.append(HashCodeBuilder.java:881)
	at com.pillartech.raffle.domain.Entry.hashCode(Entry.java:33)
	at java.util.AbstractSet.hashCode(AbstractSet.java:109)
	at org.apache.commons.lang.builder.HashCodeBuilder.append(HashCodeBuilder.java:881)
	at com.pillartech.raffle.domain.Raffle.hashCode(Raffle.java:76)
	at org.apache.commons.lang.builder.HashCodeBuilder.append(HashCodeBuilder.java:881)
	at com.pillartech.raffle.domain.Entry.hashCode(Entry.java:33)
	at java.util.AbstractSet.hashCode(AbstractSet.java:109)
	at org.apache.commons.lang.builder.HashCodeBuilder.append(HashCodeBuilder.java:881)
	at com.pillartech.raffle.domain.Raffle.hashCode(Raffle.java:76)
	at org.apache.commons.lang.builder.HashCodeBuilder.append(HashCodeBuilder.java:881)
	at com.pillartech.raffle.domain.Entry.hashCode(Entry.java:33)
	at java.util.AbstractSet.hashCode(AbstractSet.java:109)
	at org.apache.commons.lang.builder.HashCodeBuilder.append(HashCodeBuilder.java:881)
	at com.pillartech.raffle.domain.Raffle.hashCode(Raffle.java:76)
	at org.apache.commons.lang.builder.HashCodeBuilder.append(HashCodeBuilder.java:881)
	at com.pillartech.raffle.domain.Entry.hashCode(Entry.java:33)
	at java.util.AbstractSet.hashCode(AbstractSet.java:109)
	at org.apache.commons.lang.builder.HashCodeBuilder.append(HashCodeBuilder.java:881)
	at com.pillartech.raffle.domain.Raffle.hashCode(Raffle.java:76)
	at org.apache.commons.lang.builder.HashCodeBuilder.append(HashCodeBuilder.java:881)
	at com.pillartech.raffle.domain.Entry.hashCode(Entry.java:33)
	at java.util.AbstractSet.hashCode(AbstractSet.java:109)
	at org.apache.commons.lang.builder.HashCodeBuilder.append(HashCodeBuilder.java:881)
	at com.pillartech.raffle.domain.Raffle.hashCode(Raffle.java:76)
	at org.apache.commons.lang.builder.HashCodeBuilder.append(HashCodeBuilder.java:881)
	at com.pillartech.raffle.domain.Entry.hashCode(Entry.java:33)
	at java.util.AbstractSet.hashCode(AbstractSet.java:109)
	at org.apache.commons.lang.builder.HashCodeBuilder.append(HashCodeBuilder.java:881)
	at com.pillartech.raffle.domain.Raffle.hashCode(Raffle.java:76)
	at org.apache.commons.lang.builder.HashCodeBuilder.append(HashCodeBuilder.java:881)
	at com.pillartech.raffle.domain.Entry.hashCode(Entry.java:33)
	at java.util.AbstractSet.hashCode(AbstractSet.java:109)
	at org.apache.commons.lang.builder.HashCodeBuilder.append(HashCodeBuilder.java:881)
	at com.pillartech.raffle.domain.Raffle.hashCode(Raffle.java:76)
	at org.apache.commons.lang.builder.HashCodeBuilder.append(HashCodeBuilder.java:881)
	at com.pillartech.raffle.domain.Entry.hashCode(Entry.java:33)
	at java.util.AbstractSet.hashCode(AbstractSet.java:109)
	at org.apache.commons.lang.builder.HashCodeBuilder.append(HashCodeBuilder.java:881)
	at com.pillartech.raffle.domain.Raffle.hashCode(Raffle.java:76)
	at org.apache.commons.lang.builder.HashCodeBuilder.append(HashCodeBuilder.java:881)
	at com.pillartech.raffle.domain.Entry.hashCode(Entry.java:33)
	at java.util.AbstractSet.hashCode(AbstractSet.java:109)
	at org.apache.commons.lang.builder.HashCodeBuilder.append(HashCodeBuilder.java:881)
	at com.pillartech.raffle.domain.Raffle.hashCode(Raffle.java:76)
	at org.apache.commons.lang.builder.HashCodeBuilder.append(HashCodeBuilder.java:881)
	at com.pillartech.raffle.domain.Entry.hashCode(Entry.java:33)
	at java.util.AbstractSet.hashCode(AbstractSet.java:109)
	at org.apache.commons.lang.builder.HashCodeBuilder.append(HashCodeBuilder.java:881)
	at com.pillartech.raffle.domain.Raffle.hashCode(Raffle.java:76)
	at org.apache.commons.lang.builder.HashCodeBuilder.append(HashCodeBuilder.java:881)
	at com.pillartech.raffle.domain.Entry.hashCode(Entry.java:33)
	at java.util.AbstractSet.hashCode(AbstractSet.java:109)
	at org.apache.commons.lang.builder.HashCodeBuilder.append(HashCodeBuilder.java:881)
	at com.pillartech.raffle.domain.Raffle.hashCode(Raffle.java:76)
	at org.apache.commons.lang.builder.HashCodeBuilder.append(HashCodeBuilder.java:881)
	at com.pillartech.raffle.domain.Entry.hashCode(Entry.java:33)
	at java.util.AbstractSet.hashCode(AbstractSet.java:109)
	at org.apache.commons.lang.builder.HashCodeBuilder.append(HashCodeBuilder.java:881)
	at com.pillartech.raffle.domain.Raffle.hashCode(Raffle.java:76)
	at org.apache.commons.lang.builder.HashCodeBuilder.append(HashCodeBuilder.java:881)
	at com.pillartech.raffle.domain.Entry.hashCode(Entry.java:33)
	at java.util.AbstractSet.hashCode(AbstractSet.java:109)
	at org.apache.commons.lang.builder.HashCodeBuilder.append(HashCodeBuilder.java:881)
	at com.pillartech.raffle.domain.Raffle.hashCode(Raffle.java:76)
	at org.apache.commons.lang.builder.HashCodeBuilder.append(HashCodeBuilder.java:881)
	at com.pillartech.raffle.domain.Entry.hashCode(Entry.java:33)
	at java.util.AbstractSet.hashCode(AbstractSet.java:109)
	at org.apache.commons.lang.builder.HashCodeBuilder.append(HashCodeBuilder.java:881)
	at com.pillartech.raffle.domain.Raffle.hashCode(Raffle.java:76)
	at org.apache.commons.lang.builder.HashCodeBuilder.append(HashCodeBuilder.java:881)
	at com.pillartech.raffle.domain.Entry.hashCode(Entry.java:33)
	at java.util.AbstractSet.hashCode(AbstractSet.java:109)
	at org.apache.commons.lang.builder.HashCodeBuilder.append(HashCodeBuilder.java:881)
	at com.pillartech.raffle.domain.Raffle.hashCode(Raffle.java:76)
	at org.apache.commons.lang.builder.HashCodeBuilder.append(HashCodeBuilder.java:881)
	at com.pillartech.raffle.domain.Entry.hashCode(Entry.java:33)
	at java.util.AbstractSet.hashCode(AbstractSet.java:109)
	at org.apache.commons.lang.builder.HashCodeBuilder.append(HashCodeBuilder.java:881)
	at com.pillartech.raffle.domain.Raffle.hashCode(Raffle.java:76)
	at org.apache.commons.lang.builder.HashCodeBuilder.append(HashCodeBuilder.java:881)
	at com.pillartech.raffle.domain.Entry.hashCode(Entry.java:33)
	at java.util.AbstractSet.hashCode(AbstractSet.java:109)
	at org.apache.commons.lang.builder.HashCodeBuilder.append(HashCodeBuilder.java:881)
	at com.pillartech.raffle.domain.Raffle.hashCode(Raffle.java:76)
	at org.apache.commons.lang.builder.HashCodeBuilder.append(HashCodeBuilder.java:881)
	at com.pillartech.raffle.domain.Entry.hashCode(Entry.java:33)
	at java.util.AbstractSet.hashCode(AbstractSet.java:109)
	at org.apache.commons.lang.builder.HashCodeBuilder.append(HashCodeBuilder.java:881)
	at com.pillartech.raffle.domain.Raffle.hashCode(Raffle.java:76)
	at org.apache.commons.lang.builder.HashCodeBuilder.append(HashCodeBuilder.java:881)
	at com.pillartech.raffle.domain.Entry.hashCode(Entry.java:33)
	at java.util.AbstractSet.hashCode(AbstractSet.java:109)
	at org.apache.commons.lang.builder.HashCodeBuilder.append(HashCodeBuilder.java:881)
	at com.pillartech.raffle.domain.Raffle.hashCode(Raffle.java:76)
	at org.apache.commons.lang.builder.HashCodeBuilder.append(HashCodeBuilder.java:881)
	at com.pillartech.raffle.domain.Entry.hashCode(Entry.java:33)
	at java.util.AbstractSet.hashCode(AbstractSet.java:109)
	at org.apache.commons.lang.builder.HashCodeBuilder.append(HashCodeBuilder.java:881)
	at com.pillartech.raffle.domain.Raffle.hashCode(Raffle.java:76)
	at org.apache.commons.lang.builder.HashCodeBuilder.append(HashCodeBuilder.java:881)
	at com.pillartech.raffle.domain.Entry.hashCode(Entry.java:33)
	at java.util.AbstractSet.hashCode(AbstractSet.java:109)
	at org.apache.commons.lang.builder.HashCodeBuilder.append(HashCodeBuilder.java:881)
	at com.pillartech.raffle.domain.Raffle.hashCode(Raffle.java:76)
	at org.apache.commons.lang.builder.HashCodeBuilder.append(HashCodeBuilder.java:881)
	at com.pillartech.raffle.domain.Entry.hashCode(Entry.java:33)
	at java.util.AbstractSet.hashCode(AbstractSet.java:109)
	at org.apache.commons.lang.builder.HashCodeBuilder.append(HashCodeBuilder.java:881)
	at com.pillartech.raffle.domain.Raffle.hashCode(Raffle.java:76)
	at org.apache.commons.lang.builder.HashCodeBuilder.append(HashCodeBuilder.java:881)
	at com.pillartech.raffle.domain.Entry.hashCode(Entry.java:33)
	at java.util.AbstractSet.hashCode(AbstractSet.java:109)
	at org.apache.commons.lang.builder.HashCodeBuilder.append(HashCodeBuilder.java:881)
	at com.pillartech.raffle.domain.Raffle.hashCode(Raffle.java:76)
	at org.apache.commons.lang.builder.HashCodeBuilder.append(HashCodeBuilder.java:881)
	at com.pillartech.raffle.domain.Entry.hashCode(Entry.java:33)
	at java.util.AbstractSet.hashCode(AbstractSet.java:109)
	at org.apache.commons.lang.builder.HashCodeBuilder.append(HashCodeBuilder.java:881)
	at com.pillartech.raffle.domain.Raffle.hashCode(Raffle.java:76)
	at org.apache.commons.lang.builder.HashCodeBuilder.append(HashCodeBuilder.java:881)
	at com.pillartech.raffle.domain.Entry.hashCode(Entry.java:33)
	at java.util.AbstractSet.hashCode(AbstractSet.java:109)
	at org.apache.commons.lang.builder.HashCodeBuilder.append(HashCodeBuilder.java:881)
	at com.pillartech.raffle.domain.Raffle.hashCode(Raffle.java:76)
	at org.apache.commons.lang.builder.HashCodeBuilder.append(HashCodeBuilder.java:881)
	at com.pillartech.raffle.domain.Entry.hashCode(Entry.java:33)
	at java.util.AbstractSet.hashCode(AbstractSet.java:109)
	at org.apache.commons.lang.builder.HashCodeBuilder.append(HashCodeBuilder.java:881)
	at com.pillartech.raffle.domain.Raffle.hashCode(Raffle.java:76)
	at org.apache.commons.lang.builder.HashCodeBuilder.append(HashCodeBuilder.java:881)
	at com.pillartech.raffle.domain.Entry.hashCode(Entry.java:33)
	at java.util.AbstractSet.hashCode(AbstractSet.java:109)
	at org.apache.commons.lang.builder.HashCodeBuilder.append(HashCodeBuilder.java:881)
	at com.pillartech.raffle.domain.Raffle.hashCode(Raffle.java:76)
	at org.apache.commons.lang.builder.HashCodeBuilder.append(HashCodeBuilder.java:881)
	at com.pillartech.raffle.domain.Entry.hashCode(Entry.java:33)
	at java.util.AbstractSet.hashCode(AbstractSet.java:109)
	at org.apache.commons.lang.builder.HashCodeBuilder.append(HashCodeBuilder.java:881)
	at com.pillartech.raffle.domain.Raffle.hashCode(Raffle.java:76)
	at org.apache.commons.lang.builder.HashCodeBuilder.append(HashCodeBuilder.java:881)
	at com.pillartech.raffle.domain.Entry.hashCode(Entry.java:33)
	at java.util.AbstractSet.hashCode(AbstractSet.java:109)
	at org.apache.commons.lang.builder.HashCodeBuilder.append(HashCodeBuilder.java:881)
	at com.pillartech.raffle.domain.Raffle.hashCode(Raffle.java:76)
	at org.apache.commons.lang.builder.HashCodeBuilder.append(HashCodeBuilder.java:881)
	at com.pillartech.raffle.domain.Entry.hashCode(Entry.java:33)
	at java.util.AbstractSet.hashCode(AbstractSet.java:109)
	at org.apache.commons.lang.builder.HashCodeBuilder.append(HashCodeBuilder.java:881)
	at com.pillartech.raffle.domain.Raffle.hashCode(Raffle.java:76)
	at org.apache.commons.lang.builder.HashCodeBuilder.append(HashCodeBuilder.java:881)
	at com.pillartech.raffle.domain.Entry.hashCode(Entry.java:33)
	at java.util.AbstractSet.hashCode(AbstractSet.java:109)
	at org.apache.commons.lang.builder.HashCodeBuilder.append(HashCodeBuilder.java:881)
	at com.pillartech.raffle.domain.Raffle.hashCode(Raffle.java:76)
	at org.apache.commons.lang.builder.HashCodeBuilder.append(HashCodeBuilder.java:881)
	at com.pillartech.raffle.domain.Entry.hashCode(Entry.java:33)
	at java.util.AbstractSet.hashCode(AbstractSet.java:109)
	at org.apache.commons.lang.builder.HashCodeBuilder.append(HashCodeBuilder.java:881)
	at com.pillartech.raffle.domain.Raffle.hashCode(Raffle.java:76)
	at org.apache.commons.lang.builder.HashCodeBuilder.append(HashCodeBuilder.java:881)
	at com.pillartech.raffle.domain.Entry.hashCode(Entry.java:33)
	at java.util.AbstractSet.hashCode(AbstractSet.java:109)
	at org.apache.commons.lang.builder.HashCodeBuilder.append(HashCodeBuilder.java:881)
	at com.pillartech.raffle.domain.Raffle.hashCode(Raffle.java:76)
	at org.apache.commons.lang.builder.HashCodeBuilder.append(HashCodeBuilder.java:881)
	at com.pillartech.raffle.domain.Entry.hashCode(Entry.java:33)
	at java.util.AbstractSet.hashCode(AbstractSet.java:109)
	at org.apache.commons.lang.builder.HashCodeBuilder.append(HashCodeBuilder.java:881)
	at com.pillartech.raffle.domain.Raffle.hashCode(Raffle.java:76)
	at org.apache.commons.lang.builder.HashCodeBuilder.append(HashCodeBuilder.java:881)
	at com.pillartech.raffle.domain.Entry.hashCode(Entry.java:33)
	at java.util.AbstractSet.hashCode(AbstractSet.java:109)
	at org.apache.commons.lang.builder.HashCodeBuilder.append(HashCodeBuilder.java:881)
	at com.pillartech.raffle.domain.Raffle.hashCode(Raffle.java:76)
	at org.apache.commons.lang.builder.HashCodeBuilder.append(HashCodeBuilder.java:881)
	at com.pillartech.raffle.domain.Entry.hashCode(Entry.java:33)
	at java.util.AbstractSet.hashCode(AbstractSet.java:109)
	at org.apache.commons.lang.builder.HashCodeBuilder.append(HashCodeBuilder.java:881)
	at com.pillartech.raffle.domain.Raffle.hashCode(Raffle.java:76)
	at org.apache.commons.lang.builder.HashCodeBuilder.append(HashCodeBuilder.java:881)
	at com.pillartech.raffle.domain.Entry.hashCode(Entry.java:33)
	at java.util.AbstractSet.hashCode(AbstractSet.java:109)
	at org.apache.commons.lang.builder.HashCodeBuilder.append(HashCodeBuilder.java:881)
	at com.pillartech.raffle.domain.Raffle.hashCode(Raffle.java:76)
	at org.apache.commons.lang.builder.HashCodeBuilder.append(HashCodeBuilder.java:881)
	at com.pillartech.raffle.domain.Entry.hashCode(Entry.java:33)
	at java.util.AbstractSet.hashCode(AbstractSet.java:109)
	at org.apache.commons.lang.builder.HashCodeBuilder.append(HashCodeBuilder.java:881)
	at com.pillartech.raffle.domain.Raffle.hashCode(Raffle.java:76)
	at org.apache.commons.lang.builder.HashCodeBuilder.append(HashCodeBuilder.java:881)
	at com.pillartech.raffle.domain.Entry.hashCode(Entry.java:33)
	at java.util.AbstractSet.hashCode(AbstractSet.java:109)
	at org.apache.commons.lang.builder.HashCodeBuilder.append(HashCodeBuilder.java:881)
	at com.pillartech.raffle.domain.Raffle.hashCode(Raffle.java:76)
	at org.apache.commons.lang.builder.HashCodeBuilder.append(HashCodeBuilder.java:881)
	at com.pillartech.raffle.domain.Entry.hashCode(Entry.java:33)
	at java.util.AbstractSet.hashCode(AbstractSet.java:109)
	at org.apache.commons.lang.builder.HashCodeBuilder.append(HashCodeBuilder.java:881)
	at com.pillartech.raffle.domain.Raffle.hashCode(Raffle.java:76)
	at org.apache.commons.lang.builder.HashCodeBuilder.append(HashCodeBuilder.java:881)
	at com.pillartech.raffle.domain.Entry.hashCode(Entry.java:33)
	at java.util.AbstractSet.hashCode(AbstractSet.java:109)
	at org.apache.commons.lang.builder.HashCodeBuilder.append(HashCodeBuilder.java:881)
	at com.pillartech.raffle.domain.Raffle.hashCode(Raffle.java:76)
	at org.apache.commons.lang.builder.HashCodeBuilder.append(HashCodeBuilder.java:881)
	at com.pillartech.raffle.domain.Entry.hashCode(Entry.java:33)
	at java.util.AbstractSet.hashCode(AbstractSet.java:109)
	at org.apache.commons.lang.builder.HashCodeBuilder.append(HashCodeBuilder.java:881)
	at com.pillartech.raffle.domain.Raffle.hashCode(Raffle.java:76)
	at org.apache.commons.lang.builder.HashCodeBuilder.append(HashCodeBuilder.java:881)
	at com.pillartech.raffle.domain.Entry.hashCode(Entry.java:33)
	at java.util.AbstractSet.hashCode(AbstractSet.java:109)
	at org.apache.commons.lang.builder.HashCodeBuilder.append(HashCodeBuilder.java:881)
	at com.pillartech.raffle.domain.Raffle.hashCode(Raffle.java:76)
	at org.apache.commons.lang.builder.HashCodeBuilder.append(HashCodeBuilder.java:881)
	at com.pillartech.raffle.domain.Entry.hashCode(Entry.java:33)
	at java.util.AbstractSet.hashCode(AbstractSet.java:109)
	at org.apache.commons.lang.builder.HashCodeBuilder.append(HashCodeBuilder.java:881)
	at com.pillartech.raffle.domain.Raffle.hashCode(Raffle.java:76)
	at org.apache.commons.lang.builder.HashCodeBuilder.append(HashCodeBuilder.java:881)
	at com.pillartech.raffle.domain.Entry.hashCode(Entry.java:33)
	at java.util.AbstractSet.hashCode(AbstractSet.java:109)
	at org.apache.commons.lang.builder.HashCodeBuilder.append(HashCodeBuilder.java:881)
	at com.pillartech.raffle.domain.Raffle.hashCode(Raffle.java:76)
	at org.apache.commons.lang.builder.HashCodeBuilder.append(HashCodeBuilder.java:881)
	at com.pillartech.raffle.domain.Entry.hashCode(Entry.java:33)
	at java.util.AbstractSet.hashCode(AbstractSet.java:109)
	at org.apache.commons.lang.builder.HashCodeBuilder.append(HashCodeBuilder.java:881)
	at com.pillartech.raffle.domain.Raffle.hashCode(Raffle.java:76)
	at org.apache.commons.lang.builder.HashCodeBuilder.append(HashCodeBuilder.java:881)
	at com.pillartech.raffle.domain.Entry.hashCode(Entry.java:33)
	at java.util.AbstractSet.hashCode(AbstractSet.java:109)
	at org.apache.commons.lang.builder.HashCodeBuilder.append(HashCodeBuilder.java:881)
	at com.pillartech.raffle.domain.Raffle.hashCode(Raffle.java:76)
	at org.apache.commons.lang.builder.HashCodeBuilder.append(HashCodeBuilder.java:881)
	at com.pillartech.raffle.domain.Entry.hashCode(Entry.java:33)
	at java.util.AbstractSet.hashCode(AbstractSet.java:109)
	at org.apache.commons.lang.builder.HashCodeBuilder.append(HashCodeBuilder.java:881)
	at com.pillartech.raffle.domain.Raffle.hashCode(Raffle.java:76)
	at org.apache.commons.lang.builder.HashCodeBuilder.append(HashCodeBuilder.java:881)
	at com.pillartech.raffle.domain.Entry.hashCode(Entry.java:33)
	at java.util.AbstractSet.hashCode(AbstractSet.java:109)
	at org.apache.commons.lang.builder.HashCodeBuilder.append(HashCodeBuilder.java:881)
	at com.pillartech.raffle.domain.Raffle.hashCode(Raffle.java:76)
	at org.apache.commons.lang.builder.HashCodeBuilder.append(HashCodeBuilder.java:881)
	at com.pillartech.raffle.domain.Entry.hashCode(Entry.java:33)
	at java.util.AbstractSet.hashCode(AbstractSet.java:109)
	at org.apache.commons.lang.builder.HashCodeBuilder.append(HashCodeBuilder.java:881)
	at com.pillartech.raffle.domain.Raffle.hashCode(Raffle.java:76)
	at org.apache.commons.lang.builder.HashCodeBuilder.append(HashCodeBuilder.java:881)
	at com.pillartech.raffle.domain.Entry.hashCode(Entry.java:33)
	at java.util.AbstractSet.hashCode(AbstractSet.java:109)
	at org.apache.commons.lang.builder.HashCodeBuilder.append(HashCodeBuilder.java:881)
	at com.pillartech.raffle.domain.Raffle.hashCode(Raffle.java:76)
	at org.apache.commons.lang.builder.HashCodeBuilder.append(HashCodeBuilder.java:881)
	at com.pillartech.raffle.domain.Entry.hashCode(Entry.java:33)
	at java.util.AbstractSet.hashCode(AbstractSet.java:109)
	at org.apache.commons.lang.builder.HashCodeBuilder.append(HashCodeBuilder.java:881)
	at com.pillartech.raffle.domain.Raffle.hashCode(Raffle.java:76)
	at org.apache.commons.lang.builder.HashCodeBuilder.append(HashCodeBuilder.java:881)
	at com.pillartech.raffle.domain.Entry.hashCode(Entry.java:33)
	at java.util.AbstractSet.hashCode(AbstractSet.java:109)
	at org.apache.commons.lang.builder.HashCodeBuilder.append(HashCodeBuilder.java:881)
	at com.pillartech.raffle.domain.Raffle.hashCode(Raffle.java:76)
	at org.apache.commons.lang.builder.HashCodeBuilder.append(HashCodeBuilder.java:881)
	at com.pillartech.raffle.domain.Entry.hashCode(Entry.java:33)
	at java.util.AbstractSet.hashCode(AbstractSet.java:109)
	at org.apache.commons.lang.builder.HashCodeBuilder.append(HashCodeBuilder.java:881)
	at com.pillartech.raffle.domain.Raffle.hashCode(Raffle.java:76)
	at org.apache.commons.lang.builder.HashCodeBuilder.append(HashCodeBuilder.java:881)
	at com.pillartech.raffle.domain.Entry.hashCode(Entry.java:33)
	at java.util.AbstractSet.hashCode(AbstractSet.java:109)
	at org.apache.commons.lang.builder.HashCodeBuilder.append(HashCodeBuilder.java:881)
	at com.pillartech.raffle.domain.Raffle.hashCode(Raffle.java:76)
	at org.apache.commons.lang.builder.HashCodeBuilder.append(HashCodeBuilder.java:881)
	at com.pillartech.raffle.domain.Entry.hashCode(Entry.java:33)
	at java.util.AbstractSet.hashCode(AbstractSet.java:109)
	at org.apache.commons.lang.builder.HashCodeBuilder.append(HashCodeBuilder.java:881)
	at com.pillartech.raffle.domain.Raffle.hashCode(Raffle.java:76)
	at org.apache.commons.lang.builder.HashCodeBuilder.append(HashCodeBuilder.java:881)
	at com.pillartech.raffle.domain.Entry.hashCode(Entry.java:33)
	at java.util.AbstractSet.hashCode(AbstractSet.java:109)
	at org.apache.commons.lang.builder.HashCodeBuilder.append(HashCodeBuilder.java:881)
	at com.pillartech.raffle.domain.Raffle.hashCode(Raffle.java:76)
	at org.apache.commons.lang.builder.HashCodeBuilder.append(HashCodeBuilder.java:881)
	at com.pillartech.raffle.domain.Entry.hashCode(Entry.java:33)
	at java.util.AbstractSet.hashCode(AbstractSet.java:109)
	at org.apache.commons.lang.builder.HashCodeBuilder.append(HashCodeBuilder.java:881)
	at com.pillartech.raffle.domain.Raffle.hashCode(Raffle.java:76)
	at org.apache.commons.lang.builder.HashCodeBuilder.append(HashCodeBuilder.java:881)
	at com.pillartech.raffle.domain.Entry.hashCode(Entry.java:33)
	at java.util.AbstractSet.hashCode(AbstractSet.java:109)
	at org.apache.commons.lang.builder.HashCodeBuilder.append(HashCodeBuilder.java:881)
	at com.pillartech.raffle.domain.Raffle.hashCode(Raffle.java:76)
	at org.apache.commons.lang.builder.HashCodeBuilder.append(HashCodeBuilder.java:881)
	at com.pillartech.raffle.domain.Entry.hashCode(Entry.java:33)
	at java.util.AbstractSet.hashCode(AbstractSet.java:109)
	at org.apache.commons.lang.builder.HashCodeBuilder.append(HashCodeBuilder.java:881)
	at com.pillartech.raffle.domain.Raffle.hashCode(Raffle.java:76)
	at org.apache.commons.lang.builder.HashCodeBuilder.append(HashCodeBuilder.java:881)
	at com.pillartech.raffle.domain.Entry.hashCode(Entry.java:33)
	at java.util.AbstractSet.hashCode(AbstractSet.java:109)
	at org.apache.commons.lang.builder.HashCodeBuilder.append(HashCodeBuilder.java:881)
	at com.pillartech.raffle.domain.Raffle.hashCode(Raffle.java:76)
	at org.apache.commons.lang.builder.HashCodeBuilder.append(HashCodeBuilder.java:881)
	at com.pillartech.raffle.domain.Entry.hashCode(Entry.java:33)
	at java.util.AbstractSet.hashCode(AbstractSet.java:109)
	at org.apache.commons.lang.builder.HashCodeBuilder.append(HashCodeBuilder.java:881)
	at com.pillartech.raffle.domain.Raffle.hashCode(Raffle.java:76)
	at org.apache.commons.lang.builder.HashCodeBuilder.append(HashCodeBuilder.java:881)
	at com.pillartech.raffle.domain.Entry.hashCode(Entry.java:33)
	at java.util.AbstractSet.hashCode(AbstractSet.java:109)
	at org.apache.commons.lang.builder.HashCodeBuilder.append(HashCodeBuilder.java:881)
	at com.pillartech.raffle.domain.Raffle.hashCode(Raffle.java:76)
	at org.apache.commons.lang.builder.HashCodeBuilder.append(HashCodeBuilder.java:881)
	at com.pillartech.raffle.domain.Entry.hashCode(Entry.java:33)
	at java.util.AbstractSet.hashCode(AbstractSet.java:109)
	at org.apache.commons.lang.builder.HashCodeBuilder.append(HashCodeBuilder.java:881)
	at com.pillartech.raffle.domain.Raffle.hashCode(Raffle.java:76)
	at org.apache.commons.lang.builder.HashCodeBuilder.append(HashCodeBuilder.java:881)
	at com.pillartech.raffle.domain.Entry.hashCode(Entry.java:33)
	at java.util.AbstractSet.hashCode(AbstractSet.java:109)
	at org.apache.commons.lang.builder.HashCodeBuilder.append(HashCodeBuilder.java:881)
	at com.pillartech.raffle.domain.Raffle.hashCode(Raffle.java:76)
	at org.apache.commons.lang.builder.HashCodeBuilder.append(HashCodeBuilder.java:881)
	at com.pillartech.raffle.domain.Entry.hashCode(Entry.java:33)
	at java.util.AbstractSet.hashCode(AbstractSet.java:109)
	at org.apache.commons.lang.builder.HashCodeBuilder.append(HashCodeBuilder.java:881)
	at com.pillartech.raffle.domain.Raffle.hashCode(Raffle.java:76)
	at org.apache.commons.lang.builder.HashCodeBuilder.append(HashCodeBuilder.java:881)
	at com.pillartech.raffle.domain.Entry.hashCode(Entry.java:33)
	at java.util.AbstractSet.hashCode(AbstractSet.java:109)
	at org.apache.commons.lang.builder.HashCodeBuilder.append(HashCodeBuilder.java:881)
	at com.pillartech.raffle.domain.Raffle.hashCode(Raffle.java:76)
	at org.apache.commons.lang.builder.HashCodeBuilder.append(HashCodeBuilder.java:881)
	at com.pillartech.raffle.domain.Entry.hashCode(Entry.java:33)
	at java.util.AbstractSet.hashCode(AbstractSet.java:109)
	at org.apache.commons.lang.builder.HashCodeBuilder.append(HashCodeBuilder.java:881)
	at com.pillartech.raffle.domain.Raffle.hashCode(Raffle.java:76)
	at org.apache.commons.lang.builder.HashCodeBuilder.append(HashCodeBuilder.java:881)
	at com.pillartech.raffle.domain.Entry.hashCode(Entry.java:33)
	at java.util.AbstractSet.hashCode(AbstractSet.java:109)
	at org.apache.commons.lang.builder.HashCodeBuilder.append(HashCodeBuilder.java:881)
	at com.pillartech.raffle.domain.Raffle.hashCode(Raffle.java:76)
	at org.apache.commons.lang.builder.HashCodeBuilder.append(HashCodeBuilder.java:881)
	at com.pillartech.raffle.domain.Entry.hashCode(Entry.java:33)
	at java.util.AbstractSet.hashCode(AbstractSet.java:109)
	at org.apache.commons.lang.builder.HashCodeBuilder.append(HashCodeBuilder.java:881)
	at com.pillartech.raffle.domain.Raffle.hashCode(Raffle.java:76)
	at org.apache.commons.lang.builder.HashCodeBuilder.append(HashCodeBuilder.java:881)
	at com.pillartech.raffle.domain.Entry.hashCode(Entry.java:33)
	at java.util.AbstractSet.hashCode(AbstractSet.java:109)
	at org.apache.commons.lang.builder.HashCodeBuilder.append(HashCodeBuilder.java:881)
	at com.pillartech.raffle.domain.Raffle.hashCode(Raffle.java:76)
	at org.apache.commons.lang.builder.HashCodeBuilder.append(HashCodeBuilder.java:881)
	at com.pillartech.raffle.domain.Entry.hashCode(Entry.java:33)
	at java.util.AbstractSet.hashCode(AbstractSet.java:109)
	at org.apache.commons.lang.builder.HashCodeBuilder.append(HashCodeBuilder.java:881)
	at com.pillartech.raffle.domain.Raffle.hashCode(Raffle.java:76)
	at org.apache.commons.lang.builder.HashCodeBuilder.append(HashCodeBuilder.java:881)
	at com.pillartech.raffle.domain.Entry.hashCode(Entry.java:33)
	at java.util.AbstractSet.hashCode(AbstractSet.java:109)
	at org.apache.commons.lang.builder.HashCodeBuilder.append(HashCodeBuilder.java:881)
	at com.pillartech.raffle.domain.Raffle.hashCode(Raffle.java:76)
	at org.apache.commons.lang.builder.HashCodeBuilder.append(HashCodeBuilder.java:881)
	at com.pillartech.raffle.domain.Entry.hashCode(Entry.java:33)
	at java.util.AbstractSet.hashCode(AbstractSet.java:109)
	at org.apache.commons.lang.builder.HashCodeBuilder.append(HashCodeBuilder.java:881)
	at com.pillartech.raffle.domain.Raffle.hashCode(Raffle.java:76)
	at org.apache.commons.lang.builder.HashCodeBuilder.append(HashCodeBuilder.java:881)
	at com.pillartech.raffle.domain.Entry.hashCode(Entry.java:33)
	at java.util.AbstractSet.hashCode(AbstractSet.java:109)
	at org.apache.commons.lang.builder.HashCodeBuilder.append(HashCodeBuilder.java:881)
	at com.pillartech.raffle.domain.Raffle.hashCode(Raffle.java:76)
	at org.apache.commons.lang.builder.HashCodeBuilder.append(HashCodeBuilder.java:881)
	at com.pillartech.raffle.domain.Entry.hashCode(Entry.java:33)
	at java.util.AbstractSet.hashCode(AbstractSet.java:109)
	at org.apache.commons.lang.builder.HashCodeBuilder.append(HashCodeBuilder.java:881)
	at com.pillartech.raffle.domain.Raffle.hashCode(Raffle.java:76)
	at org.apache.commons.lang.builder.HashCodeBuilder.append(HashCodeBuilder.java:881)
	at com.pillartech.raffle.domain.Entry.hashCode(Entry.java:33)
	at java.util.AbstractSet.hashCode(AbstractSet.java:109)
	at org.apache.commons.lang.builder.HashCodeBuilder.append(HashCodeBuilder.java:881)
	at com.pillartech.raffle.domain.Raffle.hashCode(Raffle.java:76)
	at org.apache.commons.lang.builder.HashCodeBuilder.append(HashCodeBuilder.java:881)
	at com.pillartech.raffle.domain.Entry.hashCode(Entry.java:33)
	at java.util.AbstractSet.hashCode(AbstractSet.java:109)
	at org.apache.commons.lang.builder.HashCodeBuilder.append(HashCodeBuilder.java:881)
	at com.pillartech.raffle.domain.Raffle.hashCode(Raffle.java:76)
	at org.apache.commons.lang.builder.HashCodeBuilder.append(HashCodeBuilder.java:881)
	at com.pillartech.raffle.domain.Entry.hashCode(Entry.java:33)
	at java.util.AbstractSet.hashCode(AbstractSet.java:109)
	at org.apache.commons.lang.builder.HashCodeBuilder.append(HashCodeBuilder.java:881)
	at com.pillartech.raffle.domain.Raffle.hashCode(Raffle.java:76)
	at org.apache.commons.lang.builder.HashCodeBuilder.append(HashCodeBuilder.java:881)
	at com.pillartech.raffle.domain.Entry.hashCode(Entry.java:33)
	at java.util.AbstractSet.hashCode(AbstractSet.java:109)
	at org.apache.commons.lang.builder.HashCodeBuilder.append(HashCodeBuilder.java:881)
	at com.pillartech.raffle.domain.Raffle.hashCode(Raffle.java:76)
	at org.apache.commons.lang.builder.HashCodeBuilder.append(HashCodeBuilder.java:881)
	at com.pillartech.raffle.domain.Entry.hashCode(Entry.java:33)
	at java.util.AbstractSet.hashCode(AbstractSet.java:109)
	at org.apache.commons.lang.builder.HashCodeBuilder.append(HashCodeBuilder.java:881)
	at com.pillartech.raffle.domain.Raffle.hashCode(Raffle.java:76)
	at org.apache.commons.lang.builder.HashCodeBuilder.append(HashCodeBuilder.java:881)
	at com.pillartech.raffle.domain.Entry.hashCode(Entry.java:33)
	at java.util.AbstractSet.hashCode(AbstractSet.java:109)
	at org.apache.commons.lang.builder.HashCodeBuilder.append(HashCodeBuilder.java:881)
	at com.pillartech.raffle.domain.Raffle.hashCode(Raffle.java:76)
	at org.apache.commons.lang.builder.HashCodeBuilder.append(HashCodeBuilder.java:881)
	at com.pillartech.raffle.domain.Entry.hashCode(Entry.java:33)
	at java.util.AbstractSet.hashCode(AbstractSet.java:109)
	at org.apache.commons.lang.builder.HashCodeBuilder.append(HashCodeBuilder.java:881)
	at com.pillartech.raffle.domain.Raffle.hashCode(Raffle.java:76)
	at org.apache.commons.lang.builder.HashCodeBuilder.append(HashCodeBuilder.java:881)
	at com.pillartech.raffle.domain.Entry.hashCode(Entry.java:33)
	at java.util.AbstractSet.hashCode(AbstractSet.java:109)
	at org.apache.commons.lang.builder.HashCodeBuilder.append(HashCodeBuilder.java:881)
	at com.pillartech.raffle.domain.Raffle.hashCode(Raffle.java:76)
	at org.apache.commons.lang.builder.HashCodeBuilder.append(HashCodeBuilder.java:881)
	at com.pillartech.raffle.domain.Entry.hashCode(Entry.java:33)
	at java.util.AbstractSet.hashCode(AbstractSet.java:109)
	at org.apache.commons.lang.builder.HashCodeBuilder.append(HashCodeBuilder.java:881)
	at com.pillartech.raffle.domain.Raffle.hashCode(Raffle.java:76)
	at org.apache.commons.lang.builder.HashCodeBuilder.append(HashCodeBuilder.java:881)
	at com.pillartech.raffle.domain.Entry.hashCode(Entry.java:33)
	at java.util.AbstractSet.hashCode(AbstractSet.java:109)
	at org.apache.commons.lang.builder.HashCodeBuilder.append(HashCodeBuilder.java:881)
	at com.pillartech.raffle.domain.Raffle.hashCode(Raffle.java:76)
	at org.apache.commons.lang.builder.HashCodeBuilder.append(HashCodeBuilder.java:881)
	at com.pillartech.raffle.domain.Entry.hashCode(Entry.java:33)
	at java.util.AbstractSet.hashCode(AbstractSet.java:109)
	at org.apache.commons.lang.builder.HashCodeBuilder.append(HashCodeBuilder.java:881)
	at com.pillartech.raffle.domain.Raffle.hashCode(Raffle.java:76)
	at org.apache.commons.lang.builder.HashCodeBuilder.append(HashCodeBuilder.java:881)
	at com.pillartech.raffle.domain.Entry.hashCode(Entry.java:33)
	at java.util.AbstractSet.hashCode(AbstractSet.java:109)
	at org.apache.commons.lang.builder.HashCodeBuilder.append(HashCodeBuilder.java:881)
	at com.pillartech.raffle.domain.Raffle.hashCode(Raffle.java:76)
	at org.apache.commons.lang.builder.HashCodeBuilder.append(HashCodeBuilder.java:881)
	at com.pillartech.raffle.domain.Entry.hashCode(Entry.java:33)
	at java.util.AbstractSet.hashCode(AbstractSet.java:109)
	at org.apache.commons.lang.builder.HashCodeBuilder.append(HashCodeBuilder.java:881)
	at com.pillartech.raffle.domain.Raffle.hashCode(Raffle.java:76)
	at org.apache.commons.lang.builder.HashCodeBuilder.append(HashCodeBuilder.java:881)
	at com.pillartech.raffle.domain.Entry.hashCode(Entry.java:33)
	at java.util.AbstractSet.hashCode(AbstractSet.java:109)
	at org.apache.commons.lang.builder.HashCodeBuilder.append(HashCodeBuilder.java:881)
	at com.pillartech.raffle.domain.Raffle.hashCode(Raffle.java:76)
	at org.apache.commons.lang.builder.HashCodeBuilder.append(HashCodeBuilder.java:881)
	at com.pillartech.raffle.domain.Entry.hashCode(Entry.java:33)
	at java.util.AbstractSet.hashCode(AbstractSet.java:109)
	at org.apache.commons.lang.builder.HashCodeBuilder.append(HashCodeBuilder.java:881)
	at com.pillartech.raffle.domain.Raffle.hashCode(Raffle.java:76)
	at org.apache.commons.lang.builder.HashCodeBuilder.append(HashCodeBuilder.java:881)
	at com.pillartech.raffle.domain.Entry.hashCode(Entry.java:33)
	at java.util.AbstractSet.hashCode(AbstractSet.java:109)
	at org.apache.commons.lang.builder.HashCodeBuilder.append(HashCodeBuilder.java:881)
	at com.pillartech.raffle.domain.Raffle.hashCode(Raffle.java:76)
	at org.apache.commons.lang.builder.HashCodeBuilder.append(HashCodeBuilder.java:881)
	at com.pillartech.raffle.domain.Entry.hashCode(Entry.java:33)
	at java.util.AbstractSet.hashCode(AbstractSet.java:109)
	at org.apache.commons.lang.builder.HashCodeBuilder.append(HashCodeBuilder.java:881)
	at com.pillartech.raffle.domain.Raffle.hashCode(Raffle.java:76)
	at org.apache.commons.lang.builder.HashCodeBuilder.append(HashCodeBuilder.java:881)
	at com.pillartech.raffle.domain.Entry.hashCode(Entry.java:33)
	at java.util.AbstractSet.hashCode(AbstractSet.java:109)
	at org.apache.commons.lang.builder.HashCodeBuilder.append(HashCodeBuilder.java:881)
	at com.pillartech.raffle.domain.Raffle.hashCode(Raffle.java:76)
	at org.apache.commons.lang.builder.HashCodeBuilder.append(HashCodeBuilder.java:881)
	at com.pillartech.raffle.domain.Entry.hashCode(Entry.java:33)
	at java.util.AbstractSet.hashCode(AbstractSet.java:109)
	at org.apache.commons.lang.builder.HashCodeBuilder.append(HashCodeBuilder.java:881)
	at com.pillartech.raffle.domain.Raffle.hashCode(Raffle.java:76)
	at org.apache.commons.lang.builder.HashCodeBuilder.append(HashCodeBuilder.java:881)
	at com.pillartech.raffle.domain.Entry.hashCode(Entry.java:33)
	at java.util.AbstractSet.hashCode(AbstractSet.java:109)
	at org.apache.commons.lang.builder.HashCodeBuilder.append(HashCodeBuilder.java:881)
	at com.pillartech.raffle.domain.Raffle.hashCode(Raffle.java:76)
	at org.apache.commons.lang.builder.HashCodeBuilder.append(HashCodeBuilder.java:881)
	at com.pillartech.raffle.domain.Entry.hashCode(Entry.java:33)
	at java.util.AbstractSet.hashCode(AbstractSet.java:109)
	at org.apache.commons.lang.builder.HashCodeBuilder.append(HashCodeBuilder.java:881)
	at com.pillartech.raffle.domain.Raffle.hashCode(Raffle.java:76)
	at org.apache.commons.lang.builder.HashCodeBuilder.append(HashCodeBuilder.java:881)
	at com.pillartech.raffle.domain.Entry.hashCode(Entry.java:33)
	at java.util.AbstractSet.hashCode(AbstractSet.java:109)
	at org.apache.commons.lang.builder.HashCodeBuilder.append(HashCodeBuilder.java:881)
	at com.pillartech.raffle.domain.Raffle.hashCode(Raffle.java:76)
	at org.apache.commons.lang.builder.HashCodeBuilder.append(HashCodeBuilder.java:881)
	at com.pillartech.raffle.domain.Entry.hashCode(Entry.java:33)
	at java.util.AbstractSet.hashCode(AbstractSet.java:109)
	at org.apache.commons.lang.builder.HashCodeBuilder.append(HashCodeBuilder.java:881)
	at com.pillartech.raffle.domain.Raffle.hashCode(Raffle.java:76)
	at org.apache.commons.lang.builder.HashCodeBuilder.append(HashCodeBuilder.java:881)
	at com.pillartech.raffle.domain.Entry.hashCode(Entry.java:33)
	at java.util.AbstractSet.hashCode(AbstractSet.java:109)
	at org.apache.commons.lang.builder.HashCodeBuilder.append(HashCodeBuilder.java:881)
	at com.pillartech.raffle.domain.Raffle.hashCode(Raffle.java:76)
	at org.apache.commons.lang.builder.HashCodeBuilder.append(HashCodeBuilder.java:881)
	at com.pillartech.raffle.domain.Entry.hashCode(Entry.java:33)
	at java.util.AbstractSet.hashCode(AbstractSet.java:109)
	at org.apache.commons.lang.builder.HashCodeBuilder.append(HashCodeBuilder.java:881)
	at com.pillartech.raffle.domain.Raffle.hashCode(Raffle.java:76)
	at org.apache.commons.lang.builder.HashCodeBuilder.append(HashCodeBuilder.java:881)
	at com.pillartech.raffle.domain.Entry.hashCode(Entry.java:33)
	at java.util.AbstractSet.hashCode(AbstractSet.java:109)
	at org.apache.commons.lang.builder.HashCodeBuilder.append(HashCodeBuilder.java:881)
	at com.pillartech.raffle.domain.Raffle.hashCode(Raffle.java:76)
	at org.apache.commons.lang.builder.HashCodeBuilder.append(HashCodeBuilder.java:881)
	at com.pillartech.raffle.domain.Entry.hashCode(Entry.java:33)
	at java.util.AbstractSet.hashCode(AbstractSet.java:109)
	at org.apache.commons.lang.builder.HashCodeBuilder.append(HashCodeBuilder.java:881)
	at com.pillartech.raffle.domain.Raffle.hashCode(Raffle.java:76)
	at org.apache.commons.lang.builder.HashCodeBuilder.append(HashCodeBuilder.java:881)
	at com.pillartech.raffle.domain.Entry.hashCode(Entry.java:33)
	at java.util.AbstractSet.hashCode(AbstractSet.java:109)
	at org.apache.commons.lang.builder.HashCodeBuilder.append(HashCodeBuilder.java:881)
	at com.pillartech.raffle.domain.Raffle.hashCode(Raffle.java:76)
	at org.apache.commons.lang.builder.HashCodeBuilder.append(HashCodeBuilder.java:881)
	at com.pillartech.raffle.domain.Entry.hashCode(Entry.java:33)
	at java.util.AbstractSet.hashCode(AbstractSet.java:109)
	at org.apache.commons.lang.builder.HashCodeBuilder.append(HashCodeBuilder.java:881)
	at com.pillartech.raffle.domain.Raffle.hashCode(Raffle.java:76)
	at org.apache.commons.lang.builder.HashCodeBuilder.append(HashCodeBuilder.java:881)
	at com.pillartech.raffle.domain.Entry.hashCode(Entry.java:33)
	at java.util.AbstractSet.hashCode(AbstractSet.java:109)
	at org.apache.commons.lang.builder.HashCodeBuilder.append(HashCodeBuilder.java:881)
	at com.pillartech.raffle.domain.Raffle.hashCode(Raffle.java:76)
	at org.apache.commons.lang.builder.HashCodeBuilder.append(HashCodeBuilder.java:881)
	at com.pillartech.raffle.domain.Entry.hashCode(Entry.java:33)
	at java.util.AbstractSet.hashCode(AbstractSet.java:109)
	at org.apache.commons.lang.builder.HashCodeBuilder.append(HashCodeBuilder.java:881)
	at com.pillartech.raffle.domain.Raffle.hashCode(Raffle.java:76)
	at org.apache.commons.lang.builder.HashCodeBuilder.append(HashCodeBuilder.java:881)
	at com.pillartech.raffle.domain.Entry.hashCode(Entry.java:33)
	at java.util.AbstractSet.hashCode(AbstractSet.java:109)
	at org.apache.commons.lang.builder.HashCodeBuilder.append(HashCodeBuilder.java:881)
	at com.pillartech.raffle.domain.Raffle.hashCode(Raffle.java:76)
	at org.apache.commons.lang.builder.HashCodeBuilder.append(HashCodeBuilder.java:881)
	at com.pillartech.raffle.domain.Entry.hashCode(Entry.java:33)
	at java.util.AbstractSet.hashCode(AbstractSet.java:109)
	at org.apache.commons.lang.builder.HashCodeBuilder.append(HashCodeBuilder.java:881)
	at com.pillartech.raffle.domain.Raffle.hashCode(Raffle.java:76)
	at org.apache.commons.lang.builder.HashCodeBuilder.append(HashCodeBuilder.java:881)
	at com.pillartech.raffle.domain.Entry.hashCode(Entry.java:33)
]]>
    </failure>
  </testcase>
  <testcase name="@BeforeMethod setup_entries_and_raffle" time="0.0" classname="com.pillartech.raffle.domain.RaffleTest">
    <skipped/>
  </testcase>
  <testcase name="@BeforeMethod setup_entries_and_raffle" time="0.0" classname="com.pillartech.raffle.domain.RaffleTest">
    <skipped/>
  </testcase>
  <testcase name="@BeforeMethod setup_entries_and_raffle" time="0.0" classname="com.pillartech.raffle.domain.RaffleTest">
    <skipped/>
  </testcase>
  <testcase name="@BeforeMethod setup_entries_and_raffle" time="0.0" classname="com.pillartech.raffle.domain.RaffleTest">
    <skipped/>
  </testcase>
  <testcase name="@BeforeMethod setup_entries_and_raffle" time="0.0" classname="com.pillartech.raffle.domain.RaffleTest">
    <skipped/>
  </testcase>
  <testcase name="@BeforeMethod setup_entries_and_raffle" time="0.0" classname="com.pillartech.raffle.domain.RaffleTest">
    <skipped/>
  </testcase>
  <testcase name="@BeforeMethod setup_entries_and_raffle" time="0.0" classname="com.pillartech.raffle.domain.RaffleTest">
    <skipped/>
  </testcase>
  <testcase name="test_add_duplicate_entry" time="0.0030" classname="com.pillartech.raffle.domain.RaffleTest">
    <skipped/>
  </testcase>
  <testcase name="test_add_entry_to_null_set_works" time="0.0070" classname="com.pillartech.raffle.domain.RaffleTest">
    <skipped/>
  </testcase>
  <testcase name="test_add_new_entry" time="0.0030" classname="com.pillartech.raffle.domain.RaffleTest">
    <skipped/>
  </testcase>
  <testcase name="test_entries_same_size_as_winners_draws_everyone" time="0.0020" classname="com.pillartech.raffle.domain.RaffleTest">
    <skipped/>
  </testcase>
  <testcase name="test_entries_smaller_than_winners_draws_everyone" time="0.0020" classname="com.pillartech.raffle.domain.RaffleTest">
    <skipped/>
  </testcase>
  <testcase name="test_pick_and_remove_random_entry_should_remove_the_entry" time="0.0020" classname="com.pillartech.raffle.domain.RaffleTest">
    <skipped/>
  </testcase>
  <testcase name="test_pick_winners_draws_a_valid_set" time="0.0010" classname="com.pillartech.raffle.domain.RaffleTest">
    <skipped/>
  </testcase>
  <testcase name="test_pick_winners_draws_the_correct_amount" time="0.0010" classname="com.pillartech.raffle.domain.RaffleTest">
    <skipped/>
  </testcase>
</testsuite>
